I170805 21:16:10.198852 1 util/log/clog.go:1011  [config] file created at: 2017/08/05 21:16:10
I170805 21:16:10.198852 1 util/log/clog.go:1011  [config] running on machine: macbookpro
I170805 21:16:10.198852 1 util/log/clog.go:1011  [config] binary: CockroachDB CCL v1.0.4 (darwin amd64, built 2017/07/27 21:13:34, go1.8.3)
I170805 21:16:10.198852 1 util/log/clog.go:1011  [config] arguments: [cockroach start --insecure --host=localhost]
I170805 21:16:10.198852 1 util/log/clog.go:1011  line format: [IWEF]yymmdd hh:mm:ss.uuuuuu goid file:line msg utf8=✓
W170805 21:16:10.198848 1 cli/start.go:587  RUNNING IN INSECURE MODE!

- Your cluster is open for any client that can access localhost.
- Any user, even root, can log in without providing a password.
- Any user, connecting as root, can read or write any data in your cluster.
- There is no network encryption nor authentication, and thus no confidentiality.

Check out how to secure your cluster: https://www.cockroachlabs.com/docs/secure-a-cluster.html
I170805 21:16:10.199951 1 cli/start.go:593  CockroachDB CCL v1.0.4 (darwin amd64, built 2017/07/27 21:13:34, go1.8.3)
I170805 21:16:10.304503 1 server/config.go:375  system total memory: 8.0 GiB
I170805 21:16:10.304609 1 server/config.go:377  server configuration:
max offset                   500ms
cache size                   2.0 GiB
SQL memory pool size         2.0 GiB
scan interval                10m0s
scan max idle time           200ms
consistency check interval   24h0m0s
metrics sample interval      10s
time until store dead        5m0s
send next timeout            500ms
event log enabled            true
linearizable                 false
I170805 21:16:10.304756 39 cli/start.go:340  starting cockroach node
W170805 21:16:10.313462 39 server/config_unix.go:106  soft open file descriptor limit 10240 is under the recommended limit 15000; this may decrease performance
please see https://www.cockroachlabs.com/docs/recommended-production-settings.html for more details
I170805 21:16:10.313767 39 storage/engine/rocksdb.go:380  opening rocksdb instance at "/Users/jangeja/upwork/NiharMehta/Application/Database/cockroach-data"
E170805 21:16:10.316694 1 cli/error.go:68  cockroach server exited with error: failed to create engines: could not open rocksdb instance: IO error: lock /Users/jangeja/upwork/NiharMehta/Application/Database/cockroach-data/LOCK: Resource temporarily unavailable
Error: cockroach server exited with error: failed to create engines: could not open rocksdb instance: IO error: lock /Users/jangeja/upwork/NiharMehta/Application/Database/cockroach-data/LOCK: Resource temporarily unavailable
