I170730 18:42:57.226916 1 util/log/clog.go:1011  [config] file created at: 2017/07/30 18:42:57
I170730 18:42:57.226916 1 util/log/clog.go:1011  [config] running on machine: MacbookPro
I170730 18:42:57.226916 1 util/log/clog.go:1011  [config] binary: CockroachDB CCL v1.0.4 (darwin amd64, built 2017/07/27 21:13:34, go1.8.3)
I170730 18:42:57.226916 1 util/log/clog.go:1011  [config] arguments: [cockroach start --insecure --host=localhost]
I170730 18:42:57.226916 1 util/log/clog.go:1011  line format: [IWEF]yymmdd hh:mm:ss.uuuuuu goid file:line msg utf8=✓
W170730 18:42:57.226913 1 cli/start.go:587  RUNNING IN INSECURE MODE!

- Your cluster is open for any client that can access localhost.
- Any user, even root, can log in without providing a password.
- Any user, connecting as root, can read or write any data in your cluster.
- There is no network encryption nor authentication, and thus no confidentiality.

Check out how to secure your cluster: https://www.cockroachlabs.com/docs/secure-a-cluster.html
I170730 18:42:57.227755 1 cli/start.go:593  CockroachDB CCL v1.0.4 (darwin amd64, built 2017/07/27 21:13:34, go1.8.3)
I170730 18:42:57.331239 1 server/config.go:375  system total memory: 8.0 GiB
I170730 18:42:57.331387 1 server/config.go:377  server configuration:
max offset                   500ms
cache size                   2.0 GiB
SQL memory pool size         2.0 GiB
scan interval                10m0s
scan max idle time           200ms
consistency check interval   24h0m0s
metrics sample interval      10s
time until store dead        5m0s
send next timeout            500ms
event log enabled            true
linearizable                 false
I170730 18:42:57.331642 36 cli/start.go:340  starting cockroach node
W170730 18:42:57.342286 36 server/config_unix.go:106  soft open file descriptor limit 10240 is under the recommended limit 15000; this may decrease performance
please see https://www.cockroachlabs.com/docs/recommended-production-settings.html for more details
I170730 18:42:57.342561 36 storage/engine/rocksdb.go:380  opening rocksdb instance at "/Users/jangeja/upwork/NiharMehta/Application/V0/Database/cockroach-data"
I170730 18:42:57.355050 36 server/config.go:475  [n?] 1 storage engine initialized
I170730 18:42:57.355083 36 server/config.go:477  [n?] RocksDB cache size: 2.0 GiB
I170730 18:42:57.355096 36 server/config.go:477  [n?] store 0: RocksDB, max size 0 B, max open file limit 9984
I170730 18:42:57.355672 36 server/node.go:454  [n?] store [n0,s0] not bootstrapped
I170730 18:42:57.360285 36 server/node.go:389  [n?] **** cluster b36bab86-0301-47f7-8745-b8bb0f25e02a has been created
I170730 18:42:57.360309 36 server/node.go:390  [n?] **** add additional nodes by specifying --join=localhost:26257
I170730 18:42:57.361156 36 storage/store.go:1252  [n1] [n1,s1]: failed initial metrics computation: [n1,s1]: system config not yet available
I170730 18:42:57.361298 36 server/node.go:467  [n1] initialized store [n1,s1]: {Capacity:126823432192 Available:23349555200 RangeCount:1 LeaseCount:0}
I170730 18:42:57.361357 36 server/node.go:351  [n1] node ID 1 initialized
I170730 18:42:57.361548 36 gossip/gossip.go:297  [n1] NodeDescriptor set to node_id:1 address:<network_field:"tcp" address_field:"localhost:26257" > attrs:<> locality:<> 
I170730 18:42:57.361860 36 storage/stores.go:296  [n1] read 0 node addresses from persistent storage
I170730 18:42:57.362028 36 server/node.go:608  [n1] connecting to gossip network to verify cluster ID...
I170730 18:42:57.362053 36 server/node.go:633  [n1] node connected via gossip and verified as part of cluster "b36bab86-0301-47f7-8745-b8bb0f25e02a"
I170730 18:42:57.362103 36 server/node.go:405  [n1] node=1: started with [[]=/Users/jangeja/upwork/NiharMehta/Application/V0/Database/cockroach-data] engine(s) and attributes []
I170730 18:42:57.362303 36 sql/executor.go:338  [n1] creating distSQLPlanner with address {tcp localhost:26257}
I170730 18:42:57.363732 103 storage/split_queue.go:93  [split,n1,s1,r1/1:/M{in-ax}] splitting at key /System/""
I170730 18:42:57.367565 103 storage/replica_command.go:2670  [split,n1,s1,r1/1:/M{in-ax}] initiating a split of this range at key /System/"" [r2]
I170730 18:42:57.372613 36 server/server.go:735  [n1] starting http server at localhost:8080
I170730 18:42:57.372645 36 server/server.go:736  [n1] starting grpc/postgres server at localhost:26257
I170730 18:42:57.372668 36 server/server.go:737  [n1] advertising CockroachDB node at localhost:26257
E170730 18:42:57.397466 104 storage/queue.go:654  [replicate,n1,s1,r1/1:/{Min-System/}] range requires a replication change, but lacks a quorum of live replicas (0/1)
I170730 18:42:57.397765 103 storage/split_queue.go:93  [split,n1,s1,r2/1:/{System/-Max}] splitting at key /System/tsd
I170730 18:42:57.397816 103 storage/replica_command.go:2670  [split,n1,s1,r2/1:/{System/-Max}] initiating a split of this range at key /System/tsd [r3]
E170730 18:42:57.407634 119 storage/replica_proposal.go:497  [n1,s1,r2/1:/{System/-Max}] could not load SystemConfig span: must retry later due to intent on SystemConfigSpan
I170730 18:42:57.408284 103 storage/split_queue.go:93  [split,n1,s1,r3/1:/{System/tsd-Max}] splitting at key /System/"tse"
I170730 18:42:57.408314 103 storage/replica_command.go:2670  [split,n1,s1,r3/1:/{System/tsd-Max}] initiating a split of this range at key /System/"tse" [r4]
I170730 18:42:57.416835 36 sql/event_log.go:101  [n1] Event: "alter_table", target: 12, info: {TableName:eventlog Statement:ALTER TABLE system.eventlog ALTER COLUMN uniqueid SET DEFAULT uuid_v4() User:node MutationID:0 CascadeDroppedViews:[]}
E170730 18:42:57.427772 132 storage/replica_proposal.go:497  [n1,s1,r3/1:/{System/tsd-Max}] could not load SystemConfig span: must retry later due to intent on SystemConfigSpan
I170730 18:42:57.428447 103 storage/split_queue.go:93  [split,n1,s1,r4/1:/{System/tse-Max}] splitting at key /Table/0/0
I170730 18:42:57.428481 103 storage/replica_command.go:2670  [split,n1,s1,r4/1:/{System/tse-Max}] initiating a split of this range at key /Table/0 [r5]
I170730 18:42:57.434720 36 sql/lease.go:372  [n1] publish: descID=12 (eventlog) version=2 mtime=2017-07-30 18:42:57.434634511 -0700 PDT
I170730 18:42:57.438822 103 storage/split_queue.go:93  [split,n1,s1,r5/1:/{Table/0-Max}] splitting at key /Table/11/0
I170730 18:42:57.438860 103 storage/replica_command.go:2670  [split,n1,s1,r5/1:/{Table/0-Max}] initiating a split of this range at key /Table/11 [r6]
I170730 18:42:57.454203 103 storage/split_queue.go:93  [split,n1,s1,r6/1:/{Table/11-Max}] splitting at key /Table/12/0
I170730 18:42:57.454250 103 storage/replica_command.go:2670  [split,n1,s1,r6/1:/{Table/11-Max}] initiating a split of this range at key /Table/12 [r7]
I170730 18:42:57.469536 103 storage/split_queue.go:93  [split,n1,s1,r7/1:/{Table/12-Max}] splitting at key /Table/13/0
I170730 18:42:57.469577 103 storage/replica_command.go:2670  [split,n1,s1,r7/1:/{Table/12-Max}] initiating a split of this range at key /Table/13 [r8]
I170730 18:42:57.473766 36 server/server.go:847  [n1] done ensuring all necessary migrations have run
I170730 18:42:57.473808 36 server/server.go:849  [n1] serving sql connections
I170730 18:42:57.473983 36 cli/start.go:411  node startup completed:
CockroachDB node starting at 2017-07-30 18:42:57.473872165 -0700 PDT
build:      CCL v1.0.4 @ 2017/07/27 21:13:34 (go1.8.3)
admin:      http://localhost:8080
sql:        postgresql://root@localhost:26257?sslmode=disable
logs:       /Users/jangeja/upwork/NiharMehta/Application/V0/Database/cockroach-data/logs
store[0]:   path=/Users/jangeja/upwork/NiharMehta/Application/V0/Database/cockroach-data
status:     initialized new cluster
clusterID:  b36bab86-0301-47f7-8745-b8bb0f25e02a
nodeID:     1
I170730 18:42:57.485096 103 storage/split_queue.go:93  [split,n1,s1,r8/1:/{Table/13-Max}] splitting at key /Table/14/0
I170730 18:42:57.485171 103 storage/replica_command.go:2670  [split,n1,s1,r8/1:/{Table/13-Max}] initiating a split of this range at key /Table/14 [r9]
I170730 18:42:57.486496 420 sql/event_log.go:101  [n1] Event: "node_join", target: 1, info: {Descriptor:{NodeID:1 Address:{NetworkField:tcp AddressField:localhost:26257} Attrs: Locality:} ClusterID:b36bab86-0301-47f7-8745-b8bb0f25e02a StartedAt:1501465377362054992 LastUp:1501465377362054992}
I170730 18:42:57.498400 103 storage/split_queue.go:93  [split,n1,s1,r9/1:/{Table/14-Max}] splitting at key /Table/15/0
I170730 18:42:57.498444 103 storage/replica_command.go:2670  [split,n1,s1,r9/1:/{Table/14-Max}] initiating a split of this range at key /Table/15 [r10]
W170730 18:43:07.362829 27 server/status/runtime.go:184  [n1] unable to get file descriptor usage (will not try again): not implemented on darwin
I170730 18:43:07.363084 25 storage/store.go:3997  [n1,s1] sstables (read amplification = 0):
I170730 18:43:07.363284 27 server/status/runtime.go:225  [n1] runtime stats: 47 MiB RSS, 125 goroutines, 12 MiB/3.6 MiB/24 MiB GO alloc/idle/total, 4.4 MiB/8.9 MiB CGO alloc/total, 0.00cgo/sec, 0.00/0.00 %(u/s)time, 0.00 %gc (8x)
I170730 18:43:07.398881 123 storage/replica_proposal.go:415  [n1,s1,r3/1:/System/ts{d-e}] new range lease repl=(n1,s1):1 start=0.000000000,0 epo=1 pro=1501465387.395274449,0 following repl=(n1,s1):1 start=0.000000000,0 exp=1501465386.361131835,0 pro=1501465377.361181968,0
I170730 18:43:08.992687 120 storage/replica_proposal.go:415  [n1,s1,r5/1:/Table/{0-11}] new range lease repl=(n1,s1):1 start=0.000000000,0 epo=1 pro=1501465388.991630789,0 following repl=(n1,s1):1 start=0.000000000,0 exp=1501465386.361131835,0 pro=1501465377.361181968,0
I170730 18:43:08.999284 14 storage/replica_proposal.go:415  [n1,s1,r7/1:/Table/1{2-3}] new range lease repl=(n1,s1):1 start=0.000000000,0 epo=1 pro=1501465388.998343806,0 following repl=(n1,s1):1 start=0.000000000,0 exp=1501465386.361131835,0 pro=1501465377.361181968,0
I170730 18:43:09.002164 543 sql/event_log.go:101  [client=127.0.0.1:62436,user=root,n1] Event: "create_database", target: 50, info: {DatabaseName:simplewebapp Statement:CREATE DATABASE simplewebapp User:root}
I170730 18:43:09.003813 123 storage/replica_proposal.go:415  [n1,s1,r10/1:/{Table/15-Max}] new range lease repl=(n1,s1):1 start=0.000000000,0 epo=1 pro=1501465389.002230897,0 following repl=(n1,s1):1 start=0.000000000,0 exp=1501465386.361131835,0 pro=1501465377.361181968,0
I170730 18:43:09.004091 103 storage/split_queue.go:93  [split,n1,s1,r10/1:/{Table/15-Max}] splitting at key /Table/50/0
I170730 18:43:09.004129 103 storage/replica_command.go:2670  [split,n1,s1,r10/1:/{Table/15-Max}] initiating a split of this range at key /Table/50 [r11]
I170730 18:43:09.011625 126 storage/replica_proposal.go:415  [n1,s1,r8/1:/Table/1{3-4}] new range lease repl=(n1,s1):1 start=0.000000000,0 epo=1 pro=1501465389.008218310,0 following repl=(n1,s1):1 start=0.000000000,0 exp=1501465386.361131835,0 pro=1501465377.361181968,0
I170730 18:43:09.020576 118 storage/replica_proposal.go:415  [n1,s1,r10/1:/{Table/15-Max}] new range lease repl=(n1,s1):1 start=0.000000000,0 epo=1 pro=1501465389.002230897,0 following repl=(n1,s1):1 start=0.000000000,0 epo=1 pro=1501465389.002230897,0
I170730 18:43:09.022878 132 storage/replica_proposal.go:415  [n1,s1,r9/1:/Table/1{4-5}] new range lease repl=(n1,s1):1 start=0.000000000,0 epo=1 pro=1501465389.020968062,0 following repl=(n1,s1):1 start=0.000000000,0 exp=1501465386.361131835,0 pro=1501465377.361181968,0
I170730 18:43:09.027409 119 storage/replica_proposal.go:415  [n1,s1,r6/1:/Table/1{1-2}] new range lease repl=(n1,s1):1 start=0.000000000,0 epo=1 pro=1501465389.023275344,0 following repl=(n1,s1):1 start=0.000000000,0 exp=1501465386.361131835,0 pro=1501465377.361181968,0
I170730 18:43:09.029113 122 storage/replica_proposal.go:415  [n1,s1,r4/1:/{System/tse-Table/0}] new range lease repl=(n1,s1):1 start=0.000000000,0 epo=1 pro=1501465389.027990978,0 following repl=(n1,s1):1 start=0.000000000,0 exp=1501465386.361131835,0 pro=1501465377.361181968,0
I170730 18:43:17.363909 27 server/status/runtime.go:225  [n1] runtime stats: 50 MiB RSS, 125 goroutines, 13 MiB/4.2 MiB/26 MiB GO alloc/idle/total, 4.5 MiB/9.2 MiB CGO alloc/total, 153.49cgo/sec, 0.01/0.00 %(u/s)time, 0.00 %gc (1x)
I170730 18:43:27.362610 27 server/status/runtime.go:225  [n1] runtime stats: 52 MiB RSS, 125 goroutines, 14 MiB/4.7 MiB/27 MiB GO alloc/idle/total, 4.7 MiB/9.5 MiB CGO alloc/total, 58.71cgo/sec, 0.01/0.00 %(u/s)time, 0.00 %gc (1x)
I170730 18:43:37.363107 27 server/status/runtime.go:225  [n1] runtime stats: 53 MiB RSS, 125 goroutines, 12 MiB/7.3 MiB/28 MiB GO alloc/idle/total, 4.8 MiB/9.7 MiB CGO alloc/total, 61.50cgo/sec, 0.01/0.00 %(u/s)time, 0.00 %gc (1x)
I170730 18:43:41.696343 677 sql/event_log.go:101  [client=127.0.0.1:62462,user=root,n1] Event: "drop_database", target: 50, info: {DatabaseName:simplewebapp Statement:DROP DATABASE IF EXISTS simplewebapp User:root DroppedTablesAndViews:[]}
I170730 18:43:41.702266 677 sql/event_log.go:101  [client=127.0.0.1:62462,user=root,n1] Event: "create_database", target: 51, info: {DatabaseName:simplewebapp Statement:CREATE DATABASE simplewebapp User:root}
I170730 18:43:41.702399 103 storage/split_queue.go:93  [split,n1,s1,r11/1:/{Table/50-Max}] splitting at key /Table/51/0
I170730 18:43:41.702431 103 storage/replica_command.go:2670  [split,n1,s1,r11/1:/{Table/50-Max}] initiating a split of this range at key /Table/51 [r12]
I170730 18:43:41.711347 11 storage/replica_proposal.go:415  [n1,s1,r11/1:/{Table/50-Max}] new range lease repl=(n1,s1):1 start=0.000000000,0 epo=1 pro=1501465389.002230897,0 following repl=(n1,s1):1 start=0.000000000,0 epo=1 pro=1501465389.002230897,0
I170730 18:43:47.362673 27 server/status/runtime.go:225  [n1] runtime stats: 54 MiB RSS, 125 goroutines, 13 MiB/6.4 MiB/28 MiB GO alloc/idle/total, 5.0 MiB/10 MiB CGO alloc/total, 151.71cgo/sec, 0.01/0.00 %(u/s)time, 0.00 %gc (1x)
I170730 18:43:57.362712 26 gossip/gossip.go:448  [n1] gossip status (ok, 1 node)
gossip client (0/3 cur/max conns)
gossip server (0/3 cur/max conns, infos 0/0 sent/received, bytes 0B/0B sent/received)
I170730 18:43:57.362814 27 server/status/runtime.go:225  [n1] runtime stats: 54 MiB RSS, 126 goroutines, 12 MiB/7.1 MiB/28 MiB GO alloc/idle/total, 6.0 MiB/11 MiB CGO alloc/total, 61.70cgo/sec, 0.01/0.00 %(u/s)time, 0.00 %gc (1x)
I170730 18:44:07.362720 27 server/status/runtime.go:225  [n1] runtime stats: 55 MiB RSS, 125 goroutines, 18 MiB/1.9 MiB/28 MiB GO alloc/idle/total, 5.9 MiB/11 MiB CGO alloc/total, 60.60cgo/sec, 0.01/0.00 %(u/s)time, 0.00 %gc (0x)
I170730 18:44:17.362884 27 server/status/runtime.go:225  [n1] runtime stats: 55 MiB RSS, 125 goroutines, 16 MiB/3.5 MiB/28 MiB GO alloc/idle/total, 6.0 MiB/11 MiB CGO alloc/total, 62.40cgo/sec, 0.01/0.00 %(u/s)time, 0.00 %gc (1x)
I170730 18:44:27.363749 27 server/status/runtime.go:225  [n1] runtime stats: 55 MiB RSS, 125 goroutines, 15 MiB/4.2 MiB/28 MiB GO alloc/idle/total, 6.1 MiB/11 MiB CGO alloc/total, 61.19cgo/sec, 0.01/0.00 %(u/s)time, 0.00 %gc (1x)
I170730 18:44:37.363946 27 server/status/runtime.go:225  [n1] runtime stats: 56 MiB RSS, 125 goroutines, 13 MiB/6.4 MiB/28 MiB GO alloc/idle/total, 6.2 MiB/12 MiB CGO alloc/total, 66.20cgo/sec, 0.01/0.00 %(u/s)time, 0.00 %gc (1x)
I170730 18:44:47.363245 27 server/status/runtime.go:225  [n1] runtime stats: 56 MiB RSS, 125 goroutines, 12 MiB/6.9 MiB/28 MiB GO alloc/idle/total, 6.2 MiB/12 MiB CGO alloc/total, 61.20cgo/sec, 0.01/0.00 %(u/s)time, 0.00 %gc (1x)
I170730 18:44:57.362895 27 server/status/runtime.go:225  [n1] runtime stats: 56 MiB RSS, 125 goroutines, 19 MiB/1.0 MiB/28 MiB GO alloc/idle/total, 6.2 MiB/12 MiB CGO alloc/total, 58.70cgo/sec, 0.01/0.00 %(u/s)time, 0.00 %gc (0x)
I170730 18:44:57.362975 26 gossip/gossip.go:448  [n1] gossip status (ok, 1 node)
gossip client (0/3 cur/max conns)
gossip server (0/3 cur/max conns, infos 0/0 sent/received, bytes 0B/0B sent/received)
I170730 18:45:07.364703 27 server/status/runtime.go:225  [n1] runtime stats: 56 MiB RSS, 125 goroutines, 16 MiB/3.4 MiB/28 MiB GO alloc/idle/total, 6.3 MiB/12 MiB CGO alloc/total, 64.79cgo/sec, 0.01/0.00 %(u/s)time, 0.00 %gc (1x)
I170730 18:45:17.365573 27 server/status/runtime.go:225  [n1] runtime stats: 56 MiB RSS, 125 goroutines, 15 MiB/4.3 MiB/28 MiB GO alloc/idle/total, 7.3 MiB/13 MiB CGO alloc/total, 65.29cgo/sec, 0.01/0.00 %(u/s)time, 0.00 %gc (1x)
I170730 18:45:27.366440 27 server/status/runtime.go:225  [n1] runtime stats: 57 MiB RSS, 125 goroutines, 13 MiB/7.7 MiB/29 MiB GO alloc/idle/total, 7.3 MiB/13 MiB CGO alloc/total, 58.70cgo/sec, 0.01/0.00 %(u/s)time, 0.00 %gc (1x)
I170730 18:45:37.363972 27 server/status/runtime.go:225  [n1] runtime stats: 57 MiB RSS, 125 goroutines, 10 MiB/9.5 MiB/29 MiB GO alloc/idle/total, 7.3 MiB/13 MiB CGO alloc/total, 95.22cgo/sec, 0.01/0.00 %(u/s)time, 0.00 %gc (1x)
I170730 18:45:47.362684 27 server/status/runtime.go:225  [n1] runtime stats: 57 MiB RSS, 125 goroutines, 18 MiB/3.1 MiB/29 MiB GO alloc/idle/total, 7.3 MiB/13 MiB CGO alloc/total, 59.01cgo/sec, 0.01/0.00 %(u/s)time, 0.00 %gc (0x)
I170730 18:45:57.364183 27 server/status/runtime.go:225  [n1] runtime stats: 58 MiB RSS, 125 goroutines, 16 MiB/4.8 MiB/29 MiB GO alloc/idle/total, 7.4 MiB/13 MiB CGO alloc/total, 61.19cgo/sec, 0.01/0.00 %(u/s)time, 0.00 %gc (1x)
I170730 18:45:57.364231 26 gossip/gossip.go:448  [n1] gossip status (ok, 1 node)
gossip client (0/3 cur/max conns)
gossip server (0/3 cur/max conns, infos 0/0 sent/received, bytes 0B/0B sent/received)
I170730 18:46:07.362744 27 server/status/runtime.go:225  [n1] runtime stats: 58 MiB RSS, 125 goroutines, 14 MiB/6.4 MiB/29 MiB GO alloc/idle/total, 7.3 MiB/13 MiB CGO alloc/total, 68.61cgo/sec, 0.01/0.00 %(u/s)time, 0.00 %gc (1x)
I170730 18:46:17.366236 27 server/status/runtime.go:225  [n1] runtime stats: 58 MiB RSS, 125 goroutines, 12 MiB/8.5 MiB/29 MiB GO alloc/idle/total, 7.3 MiB/13 MiB CGO alloc/total, 58.98cgo/sec, 0.01/0.00 %(u/s)time, 0.00 %gc (1x)
I170730 18:46:27.364529 27 server/status/runtime.go:225  [n1] runtime stats: 59 MiB RSS, 125 goroutines, 18 MiB/2.6 MiB/29 MiB GO alloc/idle/total, 7.3 MiB/13 MiB CGO alloc/total, 61.21cgo/sec, 0.01/0.00 %(u/s)time, 0.00 %gc (0x)
I170730 18:46:37.364812 27 server/status/runtime.go:225  [n1] runtime stats: 59 MiB RSS, 125 goroutines, 17 MiB/3.5 MiB/29 MiB GO alloc/idle/total, 8.3 MiB/14 MiB CGO alloc/total, 58.00cgo/sec, 0.01/0.00 %(u/s)time, 0.00 %gc (1x)
I170730 18:46:47.362720 27 server/status/runtime.go:225  [n1] runtime stats: 59 MiB RSS, 125 goroutines, 15 MiB/5.3 MiB/29 MiB GO alloc/idle/total, 8.2 MiB/14 MiB CGO alloc/total, 69.61cgo/sec, 0.01/0.00 %(u/s)time, 0.00 %gc (1x)
I170730 18:46:57.365726 27 server/status/runtime.go:225  [n1] runtime stats: 59 MiB RSS, 125 goroutines, 12 MiB/8.2 MiB/29 MiB GO alloc/idle/total, 8.2 MiB/14 MiB CGO alloc/total, 57.78cgo/sec, 0.01/0.00 %(u/s)time, 0.00 %gc (1x)
I170730 18:46:57.365949 26 gossip/gossip.go:448  [n1] gossip status (ok, 1 node)
gossip client (0/3 cur/max conns)
gossip server (0/3 cur/max conns, infos 0/0 sent/received, bytes 0B/0B sent/received)
I170730 18:47:07.363623 27 server/status/runtime.go:225  [n1] runtime stats: 60 MiB RSS, 125 goroutines, 11 MiB/9.0 MiB/29 MiB GO alloc/idle/total, 8.2 MiB/14 MiB CGO alloc/total, 65.71cgo/sec, 0.01/0.00 %(u/s)time, 0.00 %gc (1x)
I170730 18:47:17.366426 27 server/status/runtime.go:225  [n1] runtime stats: 60 MiB RSS, 125 goroutines, 18 MiB/2.6 MiB/29 MiB GO alloc/idle/total, 8.1 MiB/14 MiB CGO alloc/total, 57.78cgo/sec, 0.01/0.00 %(u/s)time, 0.00 %gc (0x)
I170730 18:47:27.362557 27 server/status/runtime.go:225  [n1] runtime stats: 53 MiB RSS, 125 goroutines, 16 MiB/5.6 MiB/30 MiB GO alloc/idle/total, 8.1 MiB/14 MiB CGO alloc/total, 62.12cgo/sec, 0.01/0.00 %(u/s)time, 0.00 %gc (1x)
I170730 18:47:37.365794 27 server/status/runtime.go:225  [n1] runtime stats: 54 MiB RSS, 125 goroutines, 13 MiB/8.1 MiB/30 MiB GO alloc/idle/total, 8.0 MiB/14 MiB CGO alloc/total, 65.28cgo/sec, 0.01/0.00 %(u/s)time, 0.00 %gc (1x)
I170730 18:47:47.362698 27 server/status/runtime.go:225  [n1] runtime stats: 54 MiB RSS, 125 goroutines, 11 MiB/9.8 MiB/30 MiB GO alloc/idle/total, 9.0 MiB/14 MiB CGO alloc/total, 58.12cgo/sec, 0.01/0.00 %(u/s)time, 0.00 %gc (1x)
I170730 18:47:57.362841 27 server/status/runtime.go:225  [n1] runtime stats: 53 MiB RSS, 127 goroutines, 19 MiB/3.2 MiB/30 MiB GO alloc/idle/total, 8.9 MiB/14 MiB CGO alloc/total, 59.00cgo/sec, 0.01/0.00 %(u/s)time, 0.00 %gc (0x)
I170730 18:47:57.363002 26 gossip/gossip.go:448  [n1] gossip status (ok, 1 node)
gossip client (0/3 cur/max conns)
gossip server (0/3 cur/max conns, infos 0/0 sent/received, bytes 0B/0B sent/received)
I170730 18:48:07.365278 27 server/status/runtime.go:225  [n1] runtime stats: 52 MiB RSS, 125 goroutines, 17 MiB/4.6 MiB/30 MiB GO alloc/idle/total, 8.9 MiB/14 MiB CGO alloc/total, 61.09cgo/sec, 0.01/0.00 %(u/s)time, 0.00 %gc (1x)
I170730 18:48:17.364254 27 server/status/runtime.go:225  [n1] runtime stats: 52 MiB RSS, 125 goroutines, 15 MiB/6.7 MiB/30 MiB GO alloc/idle/total, 8.9 MiB/14 MiB CGO alloc/total, 66.21cgo/sec, 0.01/0.00 %(u/s)time, 0.00 %gc (1x)
I170730 18:48:27.364372 27 server/status/runtime.go:225  [n1] runtime stats: 52 MiB RSS, 125 goroutines, 20 MiB/1.5 MiB/30 MiB GO alloc/idle/total, 8.8 MiB/14 MiB CGO alloc/total, 61.50cgo/sec, 0.01/0.00 %(u/s)time, 0.00 %gc (0x)
I170730 18:48:37.362692 27 server/status/runtime.go:225  [n1] runtime stats: 53 MiB RSS, 125 goroutines, 17 MiB/4.3 MiB/30 MiB GO alloc/idle/total, 8.8 MiB/14 MiB CGO alloc/total, 58.71cgo/sec, 0.01/0.00 %(u/s)time, 0.00 %gc (1x)
I170730 18:48:47.364560 27 server/status/runtime.go:225  [n1] runtime stats: 54 MiB RSS, 125 goroutines, 16 MiB/7.7 MiB/32 MiB GO alloc/idle/total, 8.6 MiB/14 MiB CGO alloc/total, 58.09cgo/sec, 0.01/0.00 %(u/s)time, 0.00 %gc (1x)
I170730 18:48:57.365831 27 server/status/runtime.go:225  [n1] runtime stats: 55 MiB RSS, 125 goroutines, 12 MiB/11 MiB/32 MiB GO alloc/idle/total, 8.6 MiB/14 MiB CGO alloc/total, 58.09cgo/sec, 0.01/0.00 %(u/s)time, 0.00 %gc (1x)
I170730 18:48:57.365895 26 gossip/gossip.go:448  [n1] gossip status (ok, 1 node)
gossip client (0/3 cur/max conns)
gossip server (0/3 cur/max conns, infos 0/0 sent/received, bytes 0B/0B sent/received)
I170730 18:49:07.362675 27 server/status/runtime.go:225  [n1] runtime stats: 55 MiB RSS, 125 goroutines, 20 MiB/3.9 MiB/32 MiB GO alloc/idle/total, 9.6 MiB/16 MiB CGO alloc/total, 106.93cgo/sec, 0.01/0.00 %(u/s)time, 0.00 %gc (0x)
I170730 18:49:17.362702 27 server/status/runtime.go:225  [n1] runtime stats: 55 MiB RSS, 125 goroutines, 17 MiB/7.0 MiB/32 MiB GO alloc/idle/total, 9.6 MiB/16 MiB CGO alloc/total, 58.10cgo/sec, 0.01/0.00 %(u/s)time, 0.00 %gc (1x)
I170730 18:49:27.363337 27 server/status/runtime.go:225  [n1] runtime stats: 55 MiB RSS, 125 goroutines, 15 MiB/8.6 MiB/32 MiB GO alloc/idle/total, 9.6 MiB/16 MiB CGO alloc/total, 58.70cgo/sec, 0.01/0.00 %(u/s)time, 0.00 %gc (1x)
I170730 18:49:37.364837 27 server/status/runtime.go:225  [n1] runtime stats: 56 MiB RSS, 125 goroutines, 21 MiB/2.6 MiB/32 MiB GO alloc/idle/total, 9.5 MiB/16 MiB CGO alloc/total, 61.19cgo/sec, 0.01/0.00 %(u/s)time, 0.00 %gc (0x)
I170730 18:49:47.365888 27 server/status/runtime.go:225  [n1] runtime stats: 56 MiB RSS, 125 goroutines, 18 MiB/6.0 MiB/32 MiB GO alloc/idle/total, 9.5 MiB/16 MiB CGO alloc/total, 65.29cgo/sec, 0.01/0.00 %(u/s)time, 0.00 %gc (1x)
I170730 18:49:57.362601 26 gossip/gossip.go:448  [n1] gossip status (ok, 1 node)
gossip client (0/3 cur/max conns)
gossip server (0/3 cur/max conns, infos 0/0 sent/received, bytes 0B/0B sent/received)
I170730 18:49:57.363455 27 server/status/runtime.go:225  [n1] runtime stats: 56 MiB RSS, 126 goroutines, 15 MiB/8.3 MiB/32 MiB GO alloc/idle/total, 9.5 MiB/16 MiB CGO alloc/total, 60.01cgo/sec, 0.01/0.00 %(u/s)time, 0.00 %gc (1x)
I170730 18:50:07.364770 27 server/status/runtime.go:225  [n1] runtime stats: 56 MiB RSS, 125 goroutines, 22 MiB/2.4 MiB/32 MiB GO alloc/idle/total, 9.4 MiB/16 MiB CGO alloc/total, 60.39cgo/sec, 0.01/0.00 %(u/s)time, 0.00 %gc (0x)
I170730 18:50:17.363525 27 server/status/runtime.go:225  [n1] runtime stats: 56 MiB RSS, 125 goroutines, 17 MiB/6.9 MiB/32 MiB GO alloc/idle/total, 9.4 MiB/16 MiB CGO alloc/total, 59.01cgo/sec, 0.01/0.00 %(u/s)time, 0.00 %gc (1x)
I170730 18:50:27.366056 27 server/status/runtime.go:225  [n1] runtime stats: 57 MiB RSS, 125 goroutines, 13 MiB/10 MiB/32 MiB GO alloc/idle/total, 10 MiB/17 MiB CGO alloc/total, 61.18cgo/sec, 0.01/0.00 %(u/s)time, 0.00 %gc (1x)
I170730 18:50:37.362549 27 server/status/runtime.go:225  [n1] runtime stats: 57 MiB RSS, 125 goroutines, 20 MiB/4.1 MiB/32 MiB GO alloc/idle/total, 10 MiB/17 MiB CGO alloc/total, 65.32cgo/sec, 0.01/0.00 %(u/s)time, 0.00 %gc (0x)
I170730 18:50:47.363110 27 server/status/runtime.go:225  [n1] runtime stats: 58 MiB RSS, 125 goroutines, 17 MiB/6.7 MiB/32 MiB GO alloc/idle/total, 10 MiB/17 MiB CGO alloc/total, 59.00cgo/sec, 0.01/0.00 %(u/s)time, 0.00 %gc (1x)
I170730 18:50:57.363920 27 server/status/runtime.go:225  [n1] runtime stats: 58 MiB RSS, 125 goroutines, 14 MiB/9.2 MiB/32 MiB GO alloc/idle/total, 10 MiB/17 MiB CGO alloc/total, 58.10cgo/sec, 0.01/0.00 %(u/s)time, 0.00 %gc (1x)
I170730 18:50:57.363955 26 gossip/gossip.go:448  [n1] gossip status (ok, 1 node)
gossip client (0/3 cur/max conns)
gossip server (0/3 cur/max conns, infos 0/0 sent/received, bytes 0B/0B sent/received)
I170730 18:51:07.363700 27 server/status/runtime.go:225  [n1] runtime stats: 58 MiB RSS, 125 goroutines, 20 MiB/3.4 MiB/32 MiB GO alloc/idle/total, 10 MiB/17 MiB CGO alloc/total, 62.00cgo/sec, 0.01/0.00 %(u/s)time, 0.00 %gc (0x)
I170730 18:51:17.366722 27 server/status/runtime.go:225  [n1] runtime stats: 58 MiB RSS, 125 goroutines, 18 MiB/5.7 MiB/32 MiB GO alloc/idle/total, 10 MiB/17 MiB CGO alloc/total, 68.98cgo/sec, 0.01/0.00 %(u/s)time, 0.00 %gc (1x)
I170730 18:51:27.364502 27 server/status/runtime.go:225  [n1] runtime stats: 55 MiB RSS, 125 goroutines, 14 MiB/9.4 MiB/32 MiB GO alloc/idle/total, 10 MiB/17 MiB CGO alloc/total, 58.71cgo/sec, 0.01/0.00 %(u/s)time, 0.00 %gc (1x)
I170730 18:51:37.364493 27 server/status/runtime.go:225  [n1] runtime stats: 55 MiB RSS, 125 goroutines, 21 MiB/2.7 MiB/32 MiB GO alloc/idle/total, 11 MiB/18 MiB CGO alloc/total, 57.80cgo/sec, 0.01/0.00 %(u/s)time, 0.00 %gc (0x)
I170730 18:51:47.362655 27 server/status/runtime.go:225  [n1] runtime stats: 57 MiB RSS, 125 goroutines, 18 MiB/6.3 MiB/33 MiB GO alloc/idle/total, 11 MiB/18 MiB CGO alloc/total, 62.11cgo/sec, 0.01/0.00 %(u/s)time, 0.00 %gc (1x)
I170730 18:51:57.363851 26 gossip/gossip.go:448  [n1] gossip status (ok, 1 node)
gossip client (0/3 cur/max conns)
gossip server (0/3 cur/max conns, infos 0/0 sent/received, bytes 0B/0B sent/received)
I170730 18:51:57.363932 27 server/status/runtime.go:225  [n1] runtime stats: 58 MiB RSS, 126 goroutines, 14 MiB/11 MiB/33 MiB GO alloc/idle/total, 11 MiB/18 MiB CGO alloc/total, 58.69cgo/sec, 0.01/0.00 %(u/s)time, 0.00 %gc (1x)
I170730 18:52:07.362621 27 server/status/runtime.go:225  [n1] runtime stats: 58 MiB RSS, 125 goroutines, 21 MiB/4.1 MiB/33 MiB GO alloc/idle/total, 11 MiB/18 MiB CGO alloc/total, 68.01cgo/sec, 0.01/0.00 %(u/s)time, 0.00 %gc (0x)
I170730 18:52:17.363598 27 server/status/runtime.go:225  [n1] runtime stats: 58 MiB RSS, 125 goroutines, 17 MiB/7.4 MiB/33 MiB GO alloc/idle/total, 11 MiB/18 MiB CGO alloc/total, 58.70cgo/sec, 0.01/0.00 %(u/s)time, 0.00 %gc (1x)
I170730 18:52:27.364938 27 server/status/runtime.go:225  [n1] runtime stats: 58 MiB RSS, 125 goroutines, 23 MiB/2.1 MiB/33 MiB GO alloc/idle/total, 11 MiB/18 MiB CGO alloc/total, 61.49cgo/sec, 0.01/0.00 %(u/s)time, 0.00 %gc (0x)
I170730 18:52:37.364321 27 server/status/runtime.go:225  [n1] runtime stats: 60 MiB RSS, 125 goroutines, 19 MiB/5.6 MiB/33 MiB GO alloc/idle/total, 5.7 MiB/17 MiB CGO alloc/total, 95.41cgo/sec, 0.05/0.01 %(u/s)time, 0.00 %gc (1x)
I170730 18:52:47.365427 27 server/status/runtime.go:225  [n1] runtime stats: 60 MiB RSS, 125 goroutines, 14 MiB/11 MiB/33 MiB GO alloc/idle/total, 5.7 MiB/17 MiB CGO alloc/total, 66.39cgo/sec, 0.01/0.00 %(u/s)time, 0.00 %gc (1x)
I170730 18:52:57.365826 26 gossip/gossip.go:448  [n1] gossip status (ok, 1 node)
gossip client (0/3 cur/max conns)
gossip server (0/3 cur/max conns, infos 0/0 sent/received, bytes 0B/0B sent/received)
I170730 18:52:57.365890 27 server/status/runtime.go:225  [n1] runtime stats: 60 MiB RSS, 125 goroutines, 20 MiB/4.6 MiB/33 MiB GO alloc/idle/total, 5.7 MiB/17 MiB CGO alloc/total, 58.30cgo/sec, 0.01/0.00 %(u/s)time, 0.00 %gc (0x)
E170730 18:52:57.408356 253 storage/queue.go:734  [n1,replicate] 12 replicas failing with "0 of 0 stores with all attributes matching []; likely not enough nodes in cluster"
I170730 18:53:07.363544 27 server/status/runtime.go:225  [n1] runtime stats: 60 MiB RSS, 125 goroutines, 18 MiB/6.6 MiB/33 MiB GO alloc/idle/total, 5.7 MiB/17 MiB CGO alloc/total, 62.51cgo/sec, 0.01/0.00 %(u/s)time, 0.00 %gc (1x)
I170730 18:53:17.363624 27 server/status/runtime.go:225  [n1] runtime stats: 60 MiB RSS, 125 goroutines, 14 MiB/10 MiB/33 MiB GO alloc/idle/total, 5.7 MiB/18 MiB CGO alloc/total, 58.30cgo/sec, 0.01/0.00 %(u/s)time, 0.00 %gc (1x)
I170730 18:53:27.362642 27 server/status/runtime.go:225  [n1] runtime stats: 61 MiB RSS, 125 goroutines, 20 MiB/4.7 MiB/33 MiB GO alloc/idle/total, 5.7 MiB/18 MiB CGO alloc/total, 58.01cgo/sec, 0.01/0.00 %(u/s)time, 0.00 %gc (0x)
I170730 18:53:37.364229 27 server/status/runtime.go:225  [n1] runtime stats: 60 MiB RSS, 125 goroutines, 18 MiB/6.8 MiB/33 MiB GO alloc/idle/total, 5.7 MiB/18 MiB CGO alloc/total, 69.99cgo/sec, 0.01/0.00 %(u/s)time, 0.00 %gc (1x)
I170730 18:53:47.363842 27 server/status/runtime.go:225  [n1] runtime stats: 59 MiB RSS, 125 goroutines, 24 MiB/1.5 MiB/33 MiB GO alloc/idle/total, 5.7 MiB/18 MiB CGO alloc/total, 58.50cgo/sec, 0.01/0.00 %(u/s)time, 0.00 %gc (0x)
I170730 18:53:57.362677 26 gossip/gossip.go:448  [n1] gossip status (ok, 1 node)
gossip client (0/3 cur/max conns)
gossip server (0/3 cur/max conns, infos 0/0 sent/received, bytes 0B/0B sent/received)
I170730 18:53:57.362847 27 server/status/runtime.go:225  [n1] runtime stats: 59 MiB RSS, 127 goroutines, 18 MiB/7.6 MiB/34 MiB GO alloc/idle/total, 6.7 MiB/18 MiB CGO alloc/total, 60.21cgo/sec, 0.01/0.00 %(u/s)time, 0.00 %gc (1x)
I170730 18:54:07.364698 27 server/status/runtime.go:225  [n1] runtime stats: 60 MiB RSS, 125 goroutines, 15 MiB/10 MiB/34 MiB GO alloc/idle/total, 6.7 MiB/18 MiB CGO alloc/total, 64.19cgo/sec, 0.01/0.00 %(u/s)time, 0.00 %gc (1x)
I170730 18:54:17.362668 27 server/status/runtime.go:225  [n1] runtime stats: 60 MiB RSS, 125 goroutines, 21 MiB/5.1 MiB/34 MiB GO alloc/idle/total, 6.7 MiB/18 MiB CGO alloc/total, 63.01cgo/sec, 0.01/0.00 %(u/s)time, 0.00 %gc (0x)
I170730 18:54:27.362787 27 server/status/runtime.go:225  [n1] runtime stats: 60 MiB RSS, 125 goroutines, 17 MiB/8.3 MiB/34 MiB GO alloc/idle/total, 6.7 MiB/18 MiB CGO alloc/total, 61.40cgo/sec, 0.01/0.00 %(u/s)time, 0.00 %gc (1x)
I170730 18:54:37.366114 27 server/status/runtime.go:225  [n1] runtime stats: 60 MiB RSS, 125 goroutines, 24 MiB/2.2 MiB/34 MiB GO alloc/idle/total, 6.7 MiB/18 MiB CGO alloc/total, 58.48cgo/sec, 0.01/0.00 %(u/s)time, 0.00 %gc (0x)
I170730 18:54:47.364560 27 server/status/runtime.go:225  [n1] runtime stats: 60 MiB RSS, 125 goroutines, 18 MiB/7.2 MiB/34 MiB GO alloc/idle/total, 6.6 MiB/18 MiB CGO alloc/total, 58.91cgo/sec, 0.01/0.00 %(u/s)time, 0.00 %gc (1x)
I170730 18:54:57.364362 26 gossip/gossip.go:448  [n1] gossip status (ok, 1 node)
gossip client (0/3 cur/max conns)
gossip server (0/3 cur/max conns, infos 0/0 sent/received, bytes 0B/0B sent/received)
I170730 18:54:57.364440 27 server/status/runtime.go:225  [n1] runtime stats: 60 MiB RSS, 125 goroutines, 14 MiB/11 MiB/34 MiB GO alloc/idle/total, 6.4 MiB/18 MiB CGO alloc/total, 61.40cgo/sec, 0.01/0.00 %(u/s)time, 0.00 %gc (1x)
I170730 18:55:07.364972 27 server/status/runtime.go:225  [n1] runtime stats: 60 MiB RSS, 125 goroutines, 22 MiB/4.3 MiB/34 MiB GO alloc/idle/total, 7.3 MiB/19 MiB CGO alloc/total, 68.80cgo/sec, 0.01/0.00 %(u/s)time, 0.00 %gc (0x)
I170730 18:55:17.363447 27 server/status/runtime.go:225  [n1] runtime stats: 61 MiB RSS, 125 goroutines, 16 MiB/8.9 MiB/34 MiB GO alloc/idle/total, 7.2 MiB/19 MiB CGO alloc/total, 59.31cgo/sec, 0.01/0.00 %(u/s)time, 0.00 %gc (1x)
I170730 18:55:27.362785 27 server/status/runtime.go:225  [n1] runtime stats: 61 MiB RSS, 125 goroutines, 22 MiB/3.8 MiB/34 MiB GO alloc/idle/total, 7.2 MiB/19 MiB CGO alloc/total, 57.90cgo/sec, 0.01/0.00 %(u/s)time, 0.00 %gc (0x)
I170730 18:55:37.364994 27 server/status/runtime.go:225  [n1] runtime stats: 61 MiB RSS, 125 goroutines, 18 MiB/7.8 MiB/34 MiB GO alloc/idle/total, 7.2 MiB/19 MiB CGO alloc/total, 61.39cgo/sec, 0.01/0.00 %(u/s)time, 0.00 %gc (1x)
I170730 18:55:47.362523 27 server/status/runtime.go:225  [n1] runtime stats: 62 MiB RSS, 125 goroutines, 24 MiB/1.8 MiB/34 MiB GO alloc/idle/total, 7.2 MiB/19 MiB CGO alloc/total, 66.42cgo/sec, 0.01/0.00 %(u/s)time, 0.00 %gc (0x)
I170730 18:55:57.362893 26 gossip/gossip.go:448  [n1] gossip status (ok, 1 node)
gossip client (0/3 cur/max conns)
gossip server (0/3 cur/max conns, infos 0/0 sent/received, bytes 0B/0B sent/received)
I170730 18:55:57.362942 27 server/status/runtime.go:225  [n1] runtime stats: 62 MiB RSS, 125 goroutines, 19 MiB/7.4 MiB/35 MiB GO alloc/idle/total, 7.2 MiB/19 MiB CGO alloc/total, 61.40cgo/sec, 0.01/0.00 %(u/s)time, 0.00 %gc (1x)
I170730 18:56:07.362732 27 server/status/runtime.go:225  [n1] runtime stats: 63 MiB RSS, 125 goroutines, 13 MiB/13 MiB/35 MiB GO alloc/idle/total, 7.3 MiB/19 MiB CGO alloc/total, 99.60cgo/sec, 0.01/0.00 %(u/s)time, 0.00 %gc (1x)
I170730 18:56:17.363594 27 server/status/runtime.go:225  [n1] runtime stats: 63 MiB RSS, 125 goroutines, 20 MiB/6.8 MiB/35 MiB GO alloc/idle/total, 7.2 MiB/19 MiB CGO alloc/total, 57.99cgo/sec, 0.01/0.00 %(u/s)time, 0.00 %gc (0x)
I170730 18:56:27.362594 27 server/status/runtime.go:225  [n1] runtime stats: 64 MiB RSS, 125 goroutines, 17 MiB/9.5 MiB/35 MiB GO alloc/idle/total, 8.2 MiB/19 MiB CGO alloc/total, 59.21cgo/sec, 0.01/0.00 %(u/s)time, 0.00 %gc (1x)
I170730 18:56:37.365542 27 server/status/runtime.go:225  [n1] runtime stats: 64 MiB RSS, 125 goroutines, 23 MiB/3.5 MiB/35 MiB GO alloc/idle/total, 8.1 MiB/19 MiB CGO alloc/total, 65.78cgo/sec, 0.01/0.00 %(u/s)time, 0.00 %gc (0x)
I170730 18:56:47.365257 27 server/status/runtime.go:225  [n1] runtime stats: 64 MiB RSS, 125 goroutines, 18 MiB/8.0 MiB/35 MiB GO alloc/idle/total, 8.0 MiB/19 MiB CGO alloc/total, 61.40cgo/sec, 0.01/0.00 %(u/s)time, 0.00 %gc (1x)
I170730 18:56:57.362753 27 server/status/runtime.go:225  [n1] runtime stats: 64 MiB RSS, 126 goroutines, 24 MiB/2.9 MiB/35 MiB GO alloc/idle/total, 8.0 MiB/19 MiB CGO alloc/total, 59.91cgo/sec, 0.01/0.00 %(u/s)time, 0.00 %gc (0x)
I170730 18:56:57.362774 26 gossip/gossip.go:448  [n1] gossip status (ok, 1 node)
gossip client (0/3 cur/max conns)
gossip server (0/3 cur/max conns, infos 0/0 sent/received, bytes 0B/0B sent/received)
I170730 18:57:07.362765 27 server/status/runtime.go:225  [n1] runtime stats: 64 MiB RSS, 125 goroutines, 18 MiB/8.2 MiB/35 MiB GO alloc/idle/total, 8.1 MiB/19 MiB CGO alloc/total, 60.90cgo/sec, 0.01/0.00 %(u/s)time, 0.00 %gc (1x)
I170730 18:57:17.366445 27 server/status/runtime.go:225  [n1] runtime stats: 64 MiB RSS, 125 goroutines, 25 MiB/2.2 MiB/35 MiB GO alloc/idle/total, 8.0 MiB/19 MiB CGO alloc/total, 66.38cgo/sec, 0.01/0.00 %(u/s)time, 0.00 %gc (0x)
I170730 18:57:27.362693 27 server/status/runtime.go:225  [n1] runtime stats: 64 MiB RSS, 125 goroutines, 19 MiB/7.0 MiB/35 MiB GO alloc/idle/total, 8.1 MiB/19 MiB CGO alloc/total, 58.32cgo/sec, 0.01/0.00 %(u/s)time, 0.00 %gc (1x)
I170730 18:57:37.366606 27 server/status/runtime.go:225  [n1] runtime stats: 66 MiB RSS, 125 goroutines, 22 MiB/5.3 MiB/36 MiB GO alloc/idle/total, 11 MiB/22 MiB CGO alloc/total, 91.96cgo/sec, 0.01/0.00 %(u/s)time, 0.00 %gc (1x)
I170730 18:57:47.365346 27 server/status/runtime.go:225  [n1] runtime stats: 68 MiB RSS, 125 goroutines, 12 MiB/16 MiB/37 MiB GO alloc/idle/total, 12 MiB/23 MiB CGO alloc/total, 62.31cgo/sec, 0.01/0.00 %(u/s)time, 0.00 %gc (1x)
I170730 18:57:57.364990 27 server/status/runtime.go:225  [n1] runtime stats: 68 MiB RSS, 125 goroutines, 10 MiB/18 MiB/37 MiB GO alloc/idle/total, 12 MiB/23 MiB CGO alloc/total, 58.00cgo/sec, 0.01/0.00 %(u/s)time, 0.00 %gc (1x)
I170730 18:57:57.365017 26 gossip/gossip.go:448  [n1] gossip status (ok, 1 node)
gossip client (0/3 cur/max conns)
gossip server (0/3 cur/max conns, infos 0/0 sent/received, bytes 0B/0B sent/received)
I170730 18:58:07.362725 27 server/status/runtime.go:225  [n1] runtime stats: 68 MiB RSS, 125 goroutines, 16 MiB/13 MiB/37 MiB GO alloc/idle/total, 12 MiB/23 MiB CGO alloc/total, 72.22cgo/sec, 0.01/0.00 %(u/s)time, 0.00 %gc (0x)
I170730 18:58:17.364463 27 server/status/runtime.go:225  [n1] runtime stats: 69 MiB RSS, 125 goroutines, 13 MiB/15 MiB/37 MiB GO alloc/idle/total, 12 MiB/23 MiB CGO alloc/total, 59.19cgo/sec, 0.01/0.00 %(u/s)time, 0.00 %gc (1x)
I170730 18:58:27.363059 27 server/status/runtime.go:225  [n1] runtime stats: 69 MiB RSS, 125 goroutines, 11 MiB/17 MiB/37 MiB GO alloc/idle/total, 12 MiB/23 MiB CGO alloc/total, 58.31cgo/sec, 0.01/0.00 %(u/s)time, 0.00 %gc (1x)
I170730 18:58:37.362885 27 server/status/runtime.go:225  [n1] runtime stats: 69 MiB RSS, 125 goroutines, 17 MiB/12 MiB/37 MiB GO alloc/idle/total, 12 MiB/23 MiB CGO alloc/total, 59.20cgo/sec, 0.01/0.00 %(u/s)time, 0.00 %gc (0x)
I170730 18:58:47.362758 27 server/status/runtime.go:225  [n1] runtime stats: 69 MiB RSS, 125 goroutines, 15 MiB/14 MiB/37 MiB GO alloc/idle/total, 12 MiB/23 MiB CGO alloc/total, 62.10cgo/sec, 0.01/0.00 %(u/s)time, 0.00 %gc (1x)
I170730 18:58:57.362777 27 server/status/runtime.go:225  [n1] runtime stats: 70 MiB RSS, 125 goroutines, 12 MiB/16 MiB/37 MiB GO alloc/idle/total, 13 MiB/24 MiB CGO alloc/total, 62.60cgo/sec, 0.01/0.00 %(u/s)time, 0.00 %gc (1x)
I170730 18:58:57.362842 26 gossip/gossip.go:448  [n1] gossip status (ok, 1 node)
gossip client (0/3 cur/max conns)
gossip server (0/3 cur/max conns, infos 0/0 sent/received, bytes 0B/0B sent/received)
I170730 18:59:07.362721 27 server/status/runtime.go:225  [n1] runtime stats: 70 MiB RSS, 125 goroutines, 19 MiB/9.8 MiB/37 MiB GO alloc/idle/total, 13 MiB/24 MiB CGO alloc/total, 61.30cgo/sec, 0.01/0.00 %(u/s)time, 0.00 %gc (0x)
I170730 18:59:17.363063 27 server/status/runtime.go:225  [n1] runtime stats: 70 MiB RSS, 125 goroutines, 16 MiB/12 MiB/37 MiB GO alloc/idle/total, 13 MiB/24 MiB CGO alloc/total, 61.70cgo/sec, 0.01/0.00 %(u/s)time, 0.00 %gc (1x)
I170730 18:59:27.365801 27 server/status/runtime.go:225  [n1] runtime stats: 70 MiB RSS, 125 goroutines, 14 MiB/14 MiB/37 MiB GO alloc/idle/total, 13 MiB/24 MiB CGO alloc/total, 59.18cgo/sec, 0.01/0.00 %(u/s)time, 0.00 %gc (1x)
I170730 18:59:37.363606 27 server/status/runtime.go:225  [n1] runtime stats: 70 MiB RSS, 125 goroutines, 13 MiB/15 MiB/37 MiB GO alloc/idle/total, 13 MiB/24 MiB CGO alloc/total, 65.51cgo/sec, 0.01/0.00 %(u/s)time, 0.00 %gc (1x)
I170730 18:59:47.363854 27 server/status/runtime.go:225  [n1] runtime stats: 70 MiB RSS, 125 goroutines, 9.6 MiB/18 MiB/37 MiB GO alloc/idle/total, 13 MiB/24 MiB CGO alloc/total, 92.60cgo/sec, 0.01/0.00 %(u/s)time, 0.00 %gc (1x)
I170730 18:59:47.364082 25 storage/store.go:3997  [n1,s1] sstables (read amplification = 1):
6 [ 556K 1 ]: 556K
I170730 18:59:57.363161 27 server/status/runtime.go:225  [n1] runtime stats: 70 MiB RSS, 125 goroutines, 18 MiB/11 MiB/37 MiB GO alloc/idle/total, 13 MiB/24 MiB CGO alloc/total, 58.90cgo/sec, 0.01/0.00 %(u/s)time, 0.00 %gc (0x)
I170730 18:59:57.363188 26 gossip/gossip.go:448  [n1] gossip status (ok, 1 node)
gossip client (0/3 cur/max conns)
gossip server (0/3 cur/max conns, infos 0/0 sent/received, bytes 0B/0B sent/received)
I170730 19:00:07.362740 27 server/status/runtime.go:225  [n1] runtime stats: 71 MiB RSS, 125 goroutines, 16 MiB/12 MiB/37 MiB GO alloc/idle/total, 13 MiB/24 MiB CGO alloc/total, 65.00cgo/sec, 0.01/0.00 %(u/s)time, 0.00 %gc (1x)
I170730 19:00:17.362756 27 server/status/runtime.go:225  [n1] runtime stats: 71 MiB RSS, 125 goroutines, 14 MiB/14 MiB/37 MiB GO alloc/idle/total, 14 MiB/26 MiB CGO alloc/total, 62.10cgo/sec, 0.01/0.00 %(u/s)time, 0.00 %gc (1x)
I170730 19:00:27.363915 27 server/status/runtime.go:225  [n1] runtime stats: 71 MiB RSS, 125 goroutines, 11 MiB/17 MiB/37 MiB GO alloc/idle/total, 14 MiB/26 MiB CGO alloc/total, 62.29cgo/sec, 0.01/0.00 %(u/s)time, 0.00 %gc (1x)
I170730 19:00:37.362518 27 server/status/runtime.go:225  [n1] runtime stats: 71 MiB RSS, 125 goroutines, 18 MiB/11 MiB/37 MiB GO alloc/idle/total, 14 MiB/26 MiB CGO alloc/total, 58.01cgo/sec, 0.01/0.00 %(u/s)time, 0.00 %gc (0x)
I170730 19:00:47.362577 27 server/status/runtime.go:225  [n1] runtime stats: 71 MiB RSS, 125 goroutines, 16 MiB/13 MiB/37 MiB GO alloc/idle/total, 14 MiB/26 MiB CGO alloc/total, 62.30cgo/sec, 0.01/0.00 %(u/s)time, 0.00 %gc (1x)
I170730 19:00:57.362352 26 gossip/gossip.go:448  [n1] gossip status (ok, 1 node)
gossip client (0/3 cur/max conns)
gossip server (0/3 cur/max conns, infos 0/0 sent/received, bytes 0B/0B sent/received)
I170730 19:00:57.362545 27 server/status/runtime.go:225  [n1] runtime stats: 72 MiB RSS, 127 goroutines, 15 MiB/13 MiB/37 MiB GO alloc/idle/total, 14 MiB/26 MiB CGO alloc/total, 59.30cgo/sec, 0.01/0.00 %(u/s)time, 0.00 %gc (1x)
I170730 19:01:07.364821 27 server/status/runtime.go:225  [n1] runtime stats: 72 MiB RSS, 125 goroutines, 21 MiB/8.3 MiB/37 MiB GO alloc/idle/total, 14 MiB/26 MiB CGO alloc/total, 70.88cgo/sec, 0.01/0.00 %(u/s)time, 0.00 %gc (0x)
I170730 19:01:17.362791 27 server/status/runtime.go:225  [n1] runtime stats: 72 MiB RSS, 125 goroutines, 16 MiB/12 MiB/37 MiB GO alloc/idle/total, 14 MiB/26 MiB CGO alloc/total, 59.21cgo/sec, 0.01/0.00 %(u/s)time, 0.00 %gc (1x)
I170730 19:01:27.365835 27 server/status/runtime.go:225  [n1] runtime stats: 72 MiB RSS, 125 goroutines, 15 MiB/13 MiB/37 MiB GO alloc/idle/total, 14 MiB/26 MiB CGO alloc/total, 58.28cgo/sec, 0.01/0.00 %(u/s)time, 0.00 %gc (1x)
I170730 19:01:37.362868 27 server/status/runtime.go:225  [n1] runtime stats: 72 MiB RSS, 125 goroutines, 21 MiB/8.3 MiB/37 MiB GO alloc/idle/total, 15 MiB/27 MiB CGO alloc/total, 58.32cgo/sec, 0.01/0.00 %(u/s)time, 0.00 %gc (0x)
I170730 19:01:47.364982 27 server/status/runtime.go:225  [n1] runtime stats: 72 MiB RSS, 125 goroutines, 17 MiB/12 MiB/37 MiB GO alloc/idle/total, 15 MiB/27 MiB CGO alloc/total, 65.49cgo/sec, 0.01/0.00 %(u/s)time, 0.00 %gc (1x)
I170730 19:01:57.366334 27 server/status/runtime.go:225  [n1] runtime stats: 72 MiB RSS, 125 goroutines, 14 MiB/14 MiB/37 MiB GO alloc/idle/total, 15 MiB/27 MiB CGO alloc/total, 59.19cgo/sec, 0.01/0.00 %(u/s)time, 0.00 %gc (1x)
I170730 19:01:57.366351 26 gossip/gossip.go:448  [n1] gossip status (ok, 1 node)
gossip client (0/3 cur/max conns)
gossip server (0/3 cur/max conns, infos 0/0 sent/received, bytes 0B/0B sent/received)
I170730 19:02:07.364147 27 server/status/runtime.go:225  [n1] runtime stats: 72 MiB RSS, 125 goroutines, 21 MiB/8.2 MiB/37 MiB GO alloc/idle/total, 15 MiB/27 MiB CGO alloc/total, 61.61cgo/sec, 0.01/0.00 %(u/s)time, 0.00 %gc (0x)
I170730 19:02:17.365381 27 server/status/runtime.go:225  [n1] runtime stats: 73 MiB RSS, 125 goroutines, 16 MiB/12 MiB/37 MiB GO alloc/idle/total, 15 MiB/27 MiB CGO alloc/total, 59.39cgo/sec, 0.01/0.00 %(u/s)time, 0.00 %gc (1x)
I170730 19:02:27.367198 27 server/status/runtime.go:225  [n1] runtime stats: 67 MiB RSS, 125 goroutines, 15 MiB/14 MiB/37 MiB GO alloc/idle/total, 8.3 MiB/23 MiB CGO alloc/total, 58.99cgo/sec, 0.04/0.01 %(u/s)time, 0.00 %gc (1x)
I170730 19:02:37.363110 27 server/status/runtime.go:225  [n1] runtime stats: 67 MiB RSS, 125 goroutines, 21 MiB/8.4 MiB/37 MiB GO alloc/idle/total, 8.2 MiB/23 MiB CGO alloc/total, 65.02cgo/sec, 0.01/0.00 %(u/s)time, 0.00 %gc (0x)
I170730 19:02:47.366322 27 server/status/runtime.go:225  [n1] runtime stats: 68 MiB RSS, 125 goroutines, 16 MiB/12 MiB/37 MiB GO alloc/idle/total, 8.2 MiB/23 MiB CGO alloc/total, 62.78cgo/sec, 0.01/0.00 %(u/s)time, 0.00 %gc (1x)
I170730 19:02:57.362288 26 gossip/gossip.go:448  [n1] gossip status (ok, 1 node)
gossip client (0/3 cur/max conns)
gossip server (0/3 cur/max conns, infos 0/0 sent/received, bytes 0B/0B sent/received)
I170730 19:02:57.363034 27 server/status/runtime.go:225  [n1] runtime stats: 68 MiB RSS, 126 goroutines, 13 MiB/13 MiB/34 MiB GO alloc/idle/total, 8.3 MiB/23 MiB CGO alloc/total, 58.62cgo/sec, 0.01/0.00 %(u/s)time, 0.00 %gc (1x)
E170730 19:02:57.408498 253 storage/queue.go:734  [n1,replicate] 12 replicas failing with "0 of 0 stores with all attributes matching []; likely not enough nodes in cluster"
I170730 19:03:07.364376 27 server/status/runtime.go:225  [n1] runtime stats: 68 MiB RSS, 125 goroutines, 19 MiB/7.5 MiB/34 MiB GO alloc/idle/total, 8.3 MiB/21 MiB CGO alloc/total, 60.79cgo/sec, 0.01/0.00 %(u/s)time, 0.00 %gc (0x)
I170730 19:03:17.366678 27 server/status/runtime.go:225  [n1] runtime stats: 68 MiB RSS, 125 goroutines, 17 MiB/8.6 MiB/34 MiB GO alloc/idle/total, 8.6 MiB/21 MiB CGO alloc/total, 100.38cgo/sec, 0.01/0.00 %(u/s)time, 0.00 %gc (1x)
I170730 19:03:27.362728 27 server/status/runtime.go:225  [n1] runtime stats: 69 MiB RSS, 125 goroutines, 23 MiB/3.5 MiB/34 MiB GO alloc/idle/total, 8.6 MiB/21 MiB CGO alloc/total, 58.32cgo/sec, 0.01/0.00 %(u/s)time, 0.00 %gc (0x)
I170730 19:03:37.366017 27 server/status/runtime.go:225  [n1] runtime stats: 69 MiB RSS, 125 goroutines, 17 MiB/11 MiB/37 MiB GO alloc/idle/total, 8.6 MiB/21 MiB CGO alloc/total, 58.28cgo/sec, 0.01/0.00 %(u/s)time, 0.00 %gc (1x)
I170730 19:03:47.362721 27 server/status/runtime.go:225  [n1] runtime stats: 69 MiB RSS, 125 goroutines, 16 MiB/13 MiB/37 MiB GO alloc/idle/total, 9.6 MiB/22 MiB CGO alloc/total, 59.22cgo/sec, 0.01/0.00 %(u/s)time, 0.00 %gc (1x)
I170730 19:03:57.365984 26 gossip/gossip.go:448  [n1] gossip status (ok, 1 node)
gossip client (0/3 cur/max conns)
gossip server (0/3 cur/max conns, infos 0/0 sent/received, bytes 0B/0B sent/received)
I170730 19:03:57.366093 27 server/status/runtime.go:225  [n1] runtime stats: 69 MiB RSS, 125 goroutines, 21 MiB/7.7 MiB/37 MiB GO alloc/idle/total, 9.6 MiB/22 MiB CGO alloc/total, 57.98cgo/sec, 0.01/0.00 %(u/s)time, 0.00 %gc (0x)
I170730 19:04:07.366785 27 server/status/runtime.go:225  [n1] runtime stats: 69 MiB RSS, 125 goroutines, 18 MiB/11 MiB/37 MiB GO alloc/idle/total, 9.6 MiB/22 MiB CGO alloc/total, 72.19cgo/sec, 0.01/0.00 %(u/s)time, 0.00 %gc (1x)
I170730 19:04:17.362761 27 server/status/runtime.go:225  [n1] runtime stats: 70 MiB RSS, 125 goroutines, 15 MiB/14 MiB/37 MiB GO alloc/idle/total, 9.6 MiB/22 MiB CGO alloc/total, 59.22cgo/sec, 0.01/0.00 %(u/s)time, 0.00 %gc (1x)
I170730 19:04:27.362712 27 server/status/runtime.go:225  [n1] runtime stats: 70 MiB RSS, 125 goroutines, 21 MiB/7.7 MiB/37 MiB GO alloc/idle/total, 9.6 MiB/22 MiB CGO alloc/total, 58.00cgo/sec, 0.01/0.00 %(u/s)time, 0.00 %gc (0x)
I170730 19:04:37.362717 27 server/status/runtime.go:225  [n1] runtime stats: 70 MiB RSS, 125 goroutines, 17 MiB/12 MiB/37 MiB GO alloc/idle/total, 9.6 MiB/22 MiB CGO alloc/total, 61.40cgo/sec, 0.01/0.00 %(u/s)time, 0.00 %gc (1x)
I170730 19:04:47.363755 27 server/status/runtime.go:225  [n1] runtime stats: 70 MiB RSS, 125 goroutines, 13 MiB/15 MiB/37 MiB GO alloc/idle/total, 9.6 MiB/22 MiB CGO alloc/total, 66.39cgo/sec, 0.01/0.00 %(u/s)time, 0.00 %gc (1x)
I170730 19:04:57.366618 26 gossip/gossip.go:448  [n1] gossip status (ok, 1 node)
gossip client (0/3 cur/max conns)
gossip server (0/3 cur/max conns, infos 0/0 sent/received, bytes 0B/0B sent/received)
I170730 19:04:57.366709 27 server/status/runtime.go:225  [n1] runtime stats: 70 MiB RSS, 125 goroutines, 20 MiB/8.4 MiB/37 MiB GO alloc/idle/total, 9.5 MiB/22 MiB CGO alloc/total, 61.38cgo/sec, 0.01/0.00 %(u/s)time, 0.00 %gc (0x)
I170730 19:05:07.362735 27 server/status/runtime.go:225  [n1] runtime stats: 70 MiB RSS, 125 goroutines, 17 MiB/11 MiB/37 MiB GO alloc/idle/total, 10 MiB/22 MiB CGO alloc/total, 62.53cgo/sec, 0.01/0.00 %(u/s)time, 0.00 %gc (1x)
I170730 19:05:17.363595 27 server/status/runtime.go:225  [n1] runtime stats: 70 MiB RSS, 125 goroutines, 14 MiB/15 MiB/37 MiB GO alloc/idle/total, 10 MiB/22 MiB CGO alloc/total, 58.00cgo/sec, 0.01/0.00 %(u/s)time, 0.00 %gc (1x)
I170730 19:05:27.363404 27 server/status/runtime.go:225  [n1] runtime stats: 70 MiB RSS, 125 goroutines, 19 MiB/6.6 MiB/34 MiB GO alloc/idle/total, 10 MiB/22 MiB CGO alloc/total, 61.40cgo/sec, 0.01/0.00 %(u/s)time, 0.00 %gc (0x)
I170730 19:05:37.364413 27 server/status/runtime.go:225  [n1] runtime stats: 70 MiB RSS, 125 goroutines, 17 MiB/8.8 MiB/34 MiB GO alloc/idle/total, 10 MiB/22 MiB CGO alloc/total, 66.39cgo/sec, 0.01/0.00 %(u/s)time, 0.00 %gc (1x)
I170730 19:05:47.363553 27 server/status/runtime.go:225  [n1] runtime stats: 70 MiB RSS, 125 goroutines, 12 MiB/12 MiB/34 MiB GO alloc/idle/total, 10 MiB/22 MiB CGO alloc/total, 58.30cgo/sec, 0.01/0.00 %(u/s)time, 0.00 %gc (1x)
I170730 19:05:57.364113 27 server/status/runtime.go:225  [n1] runtime stats: 70 MiB RSS, 125 goroutines, 19 MiB/6.8 MiB/34 MiB GO alloc/idle/total, 10 MiB/22 MiB CGO alloc/total, 58.30cgo/sec, 0.01/0.00 %(u/s)time, 0.00 %gc (0x)
I170730 19:05:57.364124 26 gossip/gossip.go:448  [n1] gossip status (ok, 1 node)
gossip client (0/3 cur/max conns)
gossip server (0/3 cur/max conns, infos 0/0 sent/received, bytes 0B/0B sent/received)
I170730 19:06:07.363536 27 server/status/runtime.go:225  [n1] runtime stats: 70 MiB RSS, 125 goroutines, 14 MiB/11 MiB/34 MiB GO alloc/idle/total, 10 MiB/22 MiB CGO alloc/total, 62.20cgo/sec, 0.01/0.00 %(u/s)time, 0.00 %gc (1x)
I170730 19:06:17.363674 27 server/status/runtime.go:225  [n1] runtime stats: 70 MiB RSS, 125 goroutines, 21 MiB/4.5 MiB/34 MiB GO alloc/idle/total, 11 MiB/24 MiB CGO alloc/total, 65.50cgo/sec, 0.01/0.00 %(u/s)time, 0.00 %gc (0x)
I170730 19:06:27.365411 27 server/status/runtime.go:225  [n1] runtime stats: 70 MiB RSS, 125 goroutines, 17 MiB/8.6 MiB/34 MiB GO alloc/idle/total, 11 MiB/24 MiB CGO alloc/total, 71.59cgo/sec, 0.01/0.00 %(u/s)time, 0.00 %gc (1x)
I170730 19:06:37.366459 27 server/status/runtime.go:225  [n1] runtime stats: 70 MiB RSS, 125 goroutines, 15 MiB/10 MiB/34 MiB GO alloc/idle/total, 11 MiB/24 MiB CGO alloc/total, 58.89cgo/sec, 0.01/0.00 %(u/s)time, 0.00 %gc (1x)
I170730 19:06:47.366097 27 server/status/runtime.go:225  [n1] runtime stats: 71 MiB RSS, 125 goroutines, 21 MiB/4.8 MiB/34 MiB GO alloc/idle/total, 11 MiB/24 MiB CGO alloc/total, 95.70cgo/sec, 0.01/0.00 %(u/s)time, 0.00 %gc (0x)
I170730 19:06:57.365226 26 gossip/gossip.go:448  [n1] gossip status (ok, 1 node)
gossip client (0/3 cur/max conns)
gossip server (0/3 cur/max conns, infos 0/0 sent/received, bytes 0B/0B sent/received)
I170730 19:06:57.365472 27 server/status/runtime.go:225  [n1] runtime stats: 71 MiB RSS, 126 goroutines, 17 MiB/8.7 MiB/34 MiB GO alloc/idle/total, 11 MiB/24 MiB CGO alloc/total, 58.00cgo/sec, 0.01/0.00 %(u/s)time, 0.00 %gc (1x)
I170730 19:07:07.363415 27 server/status/runtime.go:225  [n1] runtime stats: 71 MiB RSS, 125 goroutines, 23 MiB/3.5 MiB/34 MiB GO alloc/idle/total, 11 MiB/24 MiB CGO alloc/total, 73.11cgo/sec, 0.01/0.00 %(u/s)time, 0.00 %gc (0x)
I170730 19:07:17.365779 27 server/status/runtime.go:225  [n1] runtime stats: 71 MiB RSS, 125 goroutines, 18 MiB/7.3 MiB/34 MiB GO alloc/idle/total, 11 MiB/24 MiB CGO alloc/total, 58.29cgo/sec, 0.01/0.00 %(u/s)time, 0.00 %gc (1x)
I170730 19:07:27.364419 27 server/status/runtime.go:225  [n1] runtime stats: 71 MiB RSS, 125 goroutines, 15 MiB/11 MiB/34 MiB GO alloc/idle/total, 11 MiB/24 MiB CGO alloc/total, 58.91cgo/sec, 0.01/0.00 %(u/s)time, 0.00 %gc (1x)
I170730 19:07:37.362660 27 server/status/runtime.go:225  [n1] runtime stats: 71 MiB RSS, 125 goroutines, 20 MiB/5.4 MiB/34 MiB GO alloc/idle/total, 12 MiB/24 MiB CGO alloc/total, 61.41cgo/sec, 0.01/0.00 %(u/s)time, 0.00 %gc (0x)
I170730 19:07:47.364562 27 server/status/runtime.go:225  [n1] runtime stats: 71 MiB RSS, 125 goroutines, 18 MiB/7.4 MiB/34 MiB GO alloc/idle/total, 12 MiB/24 MiB CGO alloc/total, 65.49cgo/sec, 0.01/0.00 %(u/s)time, 0.00 %gc (1x)
I170730 19:07:57.362821 27 server/status/runtime.go:225  [n1] runtime stats: 71 MiB RSS, 125 goroutines, 24 MiB/2.3 MiB/34 MiB GO alloc/idle/total, 12 MiB/24 MiB CGO alloc/total, 59.21cgo/sec, 0.01/0.00 %(u/s)time, 0.00 %gc (0x)
I170730 19:07:57.362842 26 gossip/gossip.go:448  [n1] gossip status (ok, 1 node)
gossip client (0/3 cur/max conns)
gossip server (0/3 cur/max conns, infos 0/0 sent/received, bytes 0B/0B sent/received)
I170730 19:08:07.362685 27 server/status/runtime.go:225  [n1] runtime stats: 71 MiB RSS, 125 goroutines, 19 MiB/6.3 MiB/34 MiB GO alloc/idle/total, 12 MiB/24 MiB CGO alloc/total, 64.70cgo/sec, 0.01/0.00 %(u/s)time, 0.00 %gc (1x)
I170730 19:08:17.362546 27 server/status/runtime.go:225  [n1] runtime stats: 71 MiB RSS, 125 goroutines, 15 MiB/11 MiB/34 MiB GO alloc/idle/total, 12 MiB/24 MiB CGO alloc/total, 59.20cgo/sec, 0.01/0.00 %(u/s)time, 0.00 %gc (1x)
I170730 19:08:27.362688 27 server/status/runtime.go:225  [n1] runtime stats: 71 MiB RSS, 125 goroutines, 21 MiB/4.8 MiB/34 MiB GO alloc/idle/total, 12 MiB/24 MiB CGO alloc/total, 58.30cgo/sec, 0.01/0.00 %(u/s)time, 0.00 %gc (0x)
I170730 19:08:37.363819 27 server/status/runtime.go:225  [n1] runtime stats: 72 MiB RSS, 125 goroutines, 18 MiB/7.3 MiB/34 MiB GO alloc/idle/total, 12 MiB/24 MiB CGO alloc/total, 65.49cgo/sec, 0.01/0.00 %(u/s)time, 0.00 %gc (1x)
I170730 19:08:47.362652 27 server/status/runtime.go:225  [n1] runtime stats: 72 MiB RSS, 125 goroutines, 12 MiB/12 MiB/34 MiB GO alloc/idle/total, 12 MiB/24 MiB CGO alloc/total, 62.31cgo/sec, 0.01/0.00 %(u/s)time, 0.00 %gc (1x)
I170730 19:08:57.363590 27 server/status/runtime.go:225  [n1] runtime stats: 72 MiB RSS, 125 goroutines, 20 MiB/6.0 MiB/34 MiB GO alloc/idle/total, 13 MiB/25 MiB CGO alloc/total, 61.39cgo/sec, 0.01/0.00 %(u/s)time, 0.00 %gc (0x)
I170730 19:08:57.363728 26 gossip/gossip.go:448  [n1] gossip status (ok, 1 node)
gossip client (0/3 cur/max conns)
gossip server (0/3 cur/max conns, infos 0/0 sent/received, bytes 0B/0B sent/received)
I170730 19:09:07.362529 27 server/status/runtime.go:225  [n1] runtime stats: 72 MiB RSS, 125 goroutines, 16 MiB/9.2 MiB/34 MiB GO alloc/idle/total, 13 MiB/25 MiB CGO alloc/total, 62.51cgo/sec, 0.01/0.00 %(u/s)time, 0.00 %gc (1x)
I170730 19:09:17.364397 27 server/status/runtime.go:225  [n1] runtime stats: 72 MiB RSS, 125 goroutines, 22 MiB/4.1 MiB/34 MiB GO alloc/idle/total, 13 MiB/25 MiB CGO alloc/total, 65.49cgo/sec, 0.01/0.00 %(u/s)time, 0.00 %gc (0x)
I170730 19:09:27.362936 27 server/status/runtime.go:225  [n1] runtime stats: 72 MiB RSS, 125 goroutines, 18 MiB/7.3 MiB/34 MiB GO alloc/idle/total, 13 MiB/25 MiB CGO alloc/total, 61.41cgo/sec, 0.01/0.00 %(u/s)time, 0.00 %gc (1x)
I170730 19:09:37.364561 27 server/status/runtime.go:225  [n1] runtime stats: 73 MiB RSS, 125 goroutines, 24 MiB/2.3 MiB/34 MiB GO alloc/idle/total, 13 MiB/25 MiB CGO alloc/total, 59.19cgo/sec, 0.01/0.00 %(u/s)time, 0.00 %gc (0x)
I170730 19:09:47.366247 27 server/status/runtime.go:225  [n1] runtime stats: 73 MiB RSS, 125 goroutines, 18 MiB/10 MiB/37 MiB GO alloc/idle/total, 13 MiB/25 MiB CGO alloc/total, 58.29cgo/sec, 0.01/0.00 %(u/s)time, 0.00 %gc (1x)
I170730 19:09:57.363163 27 server/status/runtime.go:225  [n1] runtime stats: 73 MiB RSS, 125 goroutines, 24 MiB/5.4 MiB/37 MiB GO alloc/idle/total, 13 MiB/25 MiB CGO alloc/total, 59.22cgo/sec, 0.01/0.00 %(u/s)time, 0.00 %gc (0x)
I170730 19:09:57.363224 26 gossip/gossip.go:448  [n1] gossip status (ok, 1 node)
gossip client (0/3 cur/max conns)
gossip server (0/3 cur/max conns, infos 0/0 sent/received, bytes 0B/0B sent/received)
I170730 19:10:07.362778 27 server/status/runtime.go:225  [n1] runtime stats: 73 MiB RSS, 125 goroutines, 19 MiB/9.5 MiB/37 MiB GO alloc/idle/total, 14 MiB/26 MiB CGO alloc/total, 68.80cgo/sec, 0.01/0.00 %(u/s)time, 0.00 %gc (1x)
I170730 19:10:17.364731 27 server/status/runtime.go:225  [n1] runtime stats: 73 MiB RSS, 125 goroutines, 25 MiB/3.6 MiB/37 MiB GO alloc/idle/total, 14 MiB/26 MiB CGO alloc/total, 91.98cgo/sec, 0.01/0.00 %(u/s)time, 0.00 %gc (0x)
I170730 19:10:27.366622 27 server/status/runtime.go:225  [n1] runtime stats: 73 MiB RSS, 125 goroutines, 19 MiB/9.2 MiB/37 MiB GO alloc/idle/total, 14 MiB/26 MiB CGO alloc/total, 62.59cgo/sec, 0.01/0.00 %(u/s)time, 0.00 %gc (1x)
I170730 19:10:37.363353 27 server/status/runtime.go:225  [n1] runtime stats: 73 MiB RSS, 125 goroutines, 16 MiB/13 MiB/37 MiB GO alloc/idle/total, 14 MiB/26 MiB CGO alloc/total, 61.42cgo/sec, 0.01/0.00 %(u/s)time, 0.00 %gc (1x)
I170730 19:10:47.366814 27 server/status/runtime.go:225  [n1] runtime stats: 74 MiB RSS, 125 goroutines, 21 MiB/7.5 MiB/37 MiB GO alloc/idle/total, 14 MiB/26 MiB CGO alloc/total, 62.98cgo/sec, 0.01/0.00 %(u/s)time, 0.00 %gc (0x)
I170730 19:10:57.366218 26 gossip/gossip.go:448  [n1] gossip status (ok, 1 node)
gossip client (0/3 cur/max conns)
gossip server (0/3 cur/max conns, infos 0/0 sent/received, bytes 0B/0B sent/received)
I170730 19:10:57.366249 27 server/status/runtime.go:225  [n1] runtime stats: 74 MiB RSS, 125 goroutines, 17 MiB/12 MiB/37 MiB GO alloc/idle/total, 14 MiB/26 MiB CGO alloc/total, 61.40cgo/sec, 0.01/0.00 %(u/s)time, 0.00 %gc (1x)
I170730 19:11:07.362628 27 server/status/runtime.go:225  [n1] runtime stats: 74 MiB RSS, 125 goroutines, 24 MiB/5.2 MiB/37 MiB GO alloc/idle/total, 14 MiB/26 MiB CGO alloc/total, 61.32cgo/sec, 0.01/0.00 %(u/s)time, 0.00 %gc (0x)
I170730 19:11:17.364201 27 server/status/runtime.go:225  [n1] runtime stats: 74 MiB RSS, 125 goroutines, 17 MiB/12 MiB/37 MiB GO alloc/idle/total, 14 MiB/26 MiB CGO alloc/total, 62.29cgo/sec, 0.01/0.00 %(u/s)time, 0.00 %gc (1x)
I170730 19:11:27.362670 27 server/status/runtime.go:225  [n1] runtime stats: 74 MiB RSS, 125 goroutines, 24 MiB/4.8 MiB/37 MiB GO alloc/idle/total, 15 MiB/27 MiB CGO alloc/total, 61.41cgo/sec, 0.01/0.00 %(u/s)time, 0.00 %gc (0x)
I170730 19:11:37.362705 27 server/status/runtime.go:225  [n1] runtime stats: 74 MiB RSS, 125 goroutines, 18 MiB/11 MiB/37 MiB GO alloc/idle/total, 15 MiB/27 MiB CGO alloc/total, 66.40cgo/sec, 0.01/0.00 %(u/s)time, 0.00 %gc (1x)
I170730 19:11:47.362528 27 server/status/runtime.go:225  [n1] runtime stats: 72 MiB RSS, 125 goroutines, 24 MiB/5.0 MiB/37 MiB GO alloc/idle/total, 15 MiB/27 MiB CGO alloc/total, 61.40cgo/sec, 0.01/0.00 %(u/s)time, 0.00 %gc (0x)
I170730 19:11:57.363128 26 gossip/gossip.go:448  [n1] gossip status (ok, 1 node)
gossip client (0/3 cur/max conns)
gossip server (0/3 cur/max conns, infos 0/0 sent/received, bytes 0B/0B sent/received)
I170730 19:11:57.364279 27 server/status/runtime.go:225  [n1] runtime stats: 70 MiB RSS, 127 goroutines, 18 MiB/10 MiB/37 MiB GO alloc/idle/total, 15 MiB/27 MiB CGO alloc/total, 60.19cgo/sec, 0.01/0.00 %(u/s)time, 0.00 %gc (1x)
I170730 19:12:07.362712 27 server/status/runtime.go:225  [n1] runtime stats: 71 MiB RSS, 125 goroutines, 24 MiB/5.2 MiB/37 MiB GO alloc/idle/total, 15 MiB/27 MiB CGO alloc/total, 63.71cgo/sec, 0.01/0.00 %(u/s)time, 0.00 %gc (0x)
I170730 19:12:17.362584 27 server/status/runtime.go:225  [n1] runtime stats: 71 MiB RSS, 125 goroutines, 17 MiB/11 MiB/37 MiB GO alloc/idle/total, 15 MiB/27 MiB CGO alloc/total, 62.10cgo/sec, 0.01/0.00 %(u/s)time, 0.00 %gc (1x)
I170730 19:12:27.366417 27 server/status/runtime.go:225  [n1] runtime stats: 64 MiB RSS, 125 goroutines, 24 MiB/5.3 MiB/37 MiB GO alloc/idle/total, 9.0 MiB/20 MiB CGO alloc/total, 62.78cgo/sec, 0.05/0.01 %(u/s)time, 0.00 %gc (0x)
I170730 19:12:37.364071 27 server/status/runtime.go:225  [n1] runtime stats: 63 MiB RSS, 125 goroutines, 19 MiB/9.3 MiB/37 MiB GO alloc/idle/total, 9.0 MiB/20 MiB CGO alloc/total, 57.81cgo/sec, 0.01/0.00 %(u/s)time, 0.00 %gc (1x)
I170730 19:12:47.366120 27 server/status/runtime.go:225  [n1] runtime stats: 63 MiB RSS, 125 goroutines, 25 MiB/4.3 MiB/37 MiB GO alloc/idle/total, 9.1 MiB/20 MiB CGO alloc/total, 58.29cgo/sec, 0.01/0.00 %(u/s)time, 0.00 %gc (0x)
I170730 19:12:57.364478 27 server/status/runtime.go:225  [n1] runtime stats: 64 MiB RSS, 125 goroutines, 18 MiB/10 MiB/37 MiB GO alloc/idle/total, 9.1 MiB/20 MiB CGO alloc/total, 59.21cgo/sec, 0.01/0.00 %(u/s)time, 0.00 %gc (1x)
I170730 19:12:57.364538 26 gossip/gossip.go:448  [n1] gossip status (ok, 1 node)
gossip client (0/3 cur/max conns)
gossip server (0/3 cur/max conns, infos 0/0 sent/received, bytes 0B/0B sent/received)
E170730 19:12:57.408326 253 storage/queue.go:734  [n1,replicate] 12 replicas failing with "0 of 0 stores with all attributes matching []; likely not enough nodes in cluster"
I170730 19:13:07.362732 27 server/status/runtime.go:225  [n1] runtime stats: 65 MiB RSS, 125 goroutines, 26 MiB/3.4 MiB/37 MiB GO alloc/idle/total, 9.1 MiB/20 MiB CGO alloc/total, 68.51cgo/sec, 0.01/0.00 %(u/s)time, 0.00 %gc (0x)
I170730 19:13:17.363634 27 server/status/runtime.go:225  [n1] runtime stats: 65 MiB RSS, 125 goroutines, 19 MiB/9.6 MiB/37 MiB GO alloc/idle/total, 9.1 MiB/20 MiB CGO alloc/total, 61.40cgo/sec, 0.01/0.00 %(u/s)time, 0.00 %gc (1x)
I170730 19:13:27.364412 27 server/status/runtime.go:225  [n1] runtime stats: 65 MiB RSS, 125 goroutines, 25 MiB/3.7 MiB/37 MiB GO alloc/idle/total, 9.1 MiB/20 MiB CGO alloc/total, 59.20cgo/sec, 0.01/0.00 %(u/s)time, 0.00 %gc (0x)
I170730 19:13:37.362605 27 server/status/runtime.go:225  [n1] runtime stats: 65 MiB RSS, 125 goroutines, 19 MiB/9.0 MiB/37 MiB GO alloc/idle/total, 9.1 MiB/20 MiB CGO alloc/total, 58.01cgo/sec, 0.01/0.00 %(u/s)time, 0.00 %gc (1x)
I170730 19:13:47.364508 27 server/status/runtime.go:225  [n1] runtime stats: 66 MiB RSS, 125 goroutines, 27 MiB/2.3 MiB/37 MiB GO alloc/idle/total, 10 MiB/21 MiB CGO alloc/total, 99.48cgo/sec, 0.01/0.00 %(u/s)time, 0.00 %gc (0x)
I170730 19:13:57.363996 26 gossip/gossip.go:448  [n1] gossip status (ok, 1 node)
gossip client (0/3 cur/max conns)
gossip server (0/3 cur/max conns, infos 0/0 sent/received, bytes 0B/0B sent/received)
I170730 19:13:57.364043 27 server/status/runtime.go:225  [n1] runtime stats: 66 MiB RSS, 125 goroutines, 20 MiB/8.4 MiB/37 MiB GO alloc/idle/total, 10 MiB/22 MiB CGO alloc/total, 62.50cgo/sec, 0.01/0.00 %(u/s)time, 0.00 %gc (1x)
I170730 19:14:07.364620 27 server/status/runtime.go:225  [n1] runtime stats: 70 MiB RSS, 125 goroutines, 24 MiB/4.0 MiB/37 MiB GO alloc/idle/total, 15 MiB/25 MiB CGO alloc/total, 95.59cgo/sec, 0.01/0.00 %(u/s)time, 0.00 %gc (1x)
I170730 19:14:17.362605 27 server/status/runtime.go:225  [n1] runtime stats: 71 MiB RSS, 125 goroutines, 14 MiB/17 MiB/39 MiB GO alloc/idle/total, 15 MiB/25 MiB CGO alloc/total, 59.21cgo/sec, 0.01/0.00 %(u/s)time, 0.00 %gc (1x)
I170730 19:14:27.366422 27 server/status/runtime.go:225  [n1] runtime stats: 71 MiB RSS, 125 goroutines, 12 MiB/18 MiB/39 MiB GO alloc/idle/total, 15 MiB/25 MiB CGO alloc/total, 57.98cgo/sec, 0.01/0.00 %(u/s)time, 0.00 %gc (1x)
I170730 19:14:37.364249 27 server/status/runtime.go:225  [n1] runtime stats: 72 MiB RSS, 125 goroutines, 18 MiB/13 MiB/39 MiB GO alloc/idle/total, 15 MiB/25 MiB CGO alloc/total, 65.81cgo/sec, 0.01/0.00 %(u/s)time, 0.00 %gc (0x)
I170730 19:14:47.366086 27 server/status/runtime.go:225  [n1] runtime stats: 72 MiB RSS, 125 goroutines, 15 MiB/15 MiB/39 MiB GO alloc/idle/total, 15 MiB/25 MiB CGO alloc/total, 59.19cgo/sec, 0.01/0.00 %(u/s)time, 0.00 %gc (1x)
I170730 19:14:57.363474 26 gossip/gossip.go:448  [n1] gossip status (ok, 1 node)
gossip client (0/3 cur/max conns)
gossip server (0/3 cur/max conns, infos 0/0 sent/received, bytes 0B/0B sent/received)
I170730 19:14:57.363507 27 server/status/runtime.go:225  [n1] runtime stats: 72 MiB RSS, 125 goroutines, 15 MiB/16 MiB/39 MiB GO alloc/idle/total, 16 MiB/26 MiB CGO alloc/total, 58.01cgo/sec, 0.01/0.00 %(u/s)time, 0.00 %gc (1x)
I170730 19:15:07.362586 27 server/status/runtime.go:225  [n1] runtime stats: 72 MiB RSS, 125 goroutines, 13 MiB/18 MiB/39 MiB GO alloc/idle/total, 16 MiB/26 MiB CGO alloc/total, 65.91cgo/sec, 0.01/0.00 %(u/s)time, 0.00 %gc (1x)
I170730 19:15:17.362577 27 server/status/runtime.go:225  [n1] runtime stats: 73 MiB RSS, 125 goroutines, 10 MiB/20 MiB/39 MiB GO alloc/idle/total, 16 MiB/26 MiB CGO alloc/total, 62.10cgo/sec, 0.01/0.00 %(u/s)time, 0.00 %gc (1x)
I170730 19:15:27.365049 27 server/status/runtime.go:225  [n1] runtime stats: 73 MiB RSS, 125 goroutines, 18 MiB/13 MiB/39 MiB GO alloc/idle/total, 16 MiB/26 MiB CGO alloc/total, 61.59cgo/sec, 0.01/0.00 %(u/s)time, 0.00 %gc (0x)
I170730 19:15:37.362729 27 server/status/runtime.go:225  [n1] runtime stats: 73 MiB RSS, 125 goroutines, 16 MiB/15 MiB/39 MiB GO alloc/idle/total, 16 MiB/26 MiB CGO alloc/total, 59.21cgo/sec, 0.01/0.00 %(u/s)time, 0.00 %gc (1x)
I170730 19:15:47.366673 27 server/status/runtime.go:225  [n1] runtime stats: 73 MiB RSS, 125 goroutines, 13 MiB/17 MiB/39 MiB GO alloc/idle/total, 16 MiB/26 MiB CGO alloc/total, 58.28cgo/sec, 0.01/0.00 %(u/s)time, 0.00 %gc (1x)
I170730 19:15:57.363505 26 gossip/gossip.go:448  [n1] gossip status (ok, 1 node)
gossip client (0/3 cur/max conns)
gossip server (0/3 cur/max conns, infos 0/0 sent/received, bytes 0B/0B sent/received)
I170730 19:15:57.363533 27 server/status/runtime.go:225  [n1] runtime stats: 73 MiB RSS, 125 goroutines, 10 MiB/19 MiB/39 MiB GO alloc/idle/total, 16 MiB/26 MiB CGO alloc/total, 62.32cgo/sec, 0.01/0.00 %(u/s)time, 0.00 %gc (1x)
I170730 19:16:07.363227 27 server/status/runtime.go:225  [n1] runtime stats: 73 MiB RSS, 125 goroutines, 18 MiB/13 MiB/39 MiB GO alloc/idle/total, 16 MiB/26 MiB CGO alloc/total, 69.30cgo/sec, 0.01/0.00 %(u/s)time, 0.00 %gc (0x)
I170730 19:16:17.366651 27 server/status/runtime.go:225  [n1] runtime stats: 74 MiB RSS, 125 goroutines, 16 MiB/15 MiB/39 MiB GO alloc/idle/total, 16 MiB/28 MiB CGO alloc/total, 57.48cgo/sec, 0.01/0.00 %(u/s)time, 0.00 %gc (1x)
I170730 19:16:27.364028 27 server/status/runtime.go:225  [n1] runtime stats: 74 MiB RSS, 125 goroutines, 14 MiB/16 MiB/39 MiB GO alloc/idle/total, 16 MiB/28 MiB CGO alloc/total, 62.32cgo/sec, 0.01/0.00 %(u/s)time, 0.00 %gc (1x)
I170730 19:16:27.364221 25 storage/store.go:3997  [n1,s1] sstables (read amplification = 1):
6 [ 860K 1 ]: 860K
I170730 19:16:37.362795 27 server/status/runtime.go:225  [n1] runtime stats: 74 MiB RSS, 125 goroutines, 12 MiB/18 MiB/39 MiB GO alloc/idle/total, 16 MiB/28 MiB CGO alloc/total, 58.01cgo/sec, 0.01/0.00 %(u/s)time, 0.00 %gc (1x)
I170730 19:16:47.363293 27 server/status/runtime.go:225  [n1] runtime stats: 74 MiB RSS, 125 goroutines, 18 MiB/12 MiB/39 MiB GO alloc/idle/total, 16 MiB/28 MiB CGO alloc/total, 65.50cgo/sec, 0.01/0.00 %(u/s)time, 0.00 %gc (0x)
I170730 19:16:57.362467 26 gossip/gossip.go:448  [n1] gossip status (ok, 1 node)
gossip client (0/3 cur/max conns)
gossip server (0/3 cur/max conns, infos 0/0 sent/received, bytes 0B/0B sent/received)
I170730 19:16:57.362541 27 server/status/runtime.go:225  [n1] runtime stats: 74 MiB RSS, 126 goroutines, 16 MiB/14 MiB/39 MiB GO alloc/idle/total, 16 MiB/28 MiB CGO alloc/total, 62.30cgo/sec, 0.01/0.00 %(u/s)time, 0.00 %gc (1x)
I170730 19:17:07.366701 27 server/status/runtime.go:225  [n1] runtime stats: 74 MiB RSS, 125 goroutines, 15 MiB/16 MiB/39 MiB GO alloc/idle/total, 16 MiB/28 MiB CGO alloc/total, 61.28cgo/sec, 0.01/0.00 %(u/s)time, 0.00 %gc (1x)
I170730 19:17:17.363307 27 server/status/runtime.go:225  [n1] runtime stats: 74 MiB RSS, 125 goroutines, 11 MiB/19 MiB/39 MiB GO alloc/idle/total, 16 MiB/28 MiB CGO alloc/total, 95.43cgo/sec, 0.01/0.00 %(u/s)time, 0.00 %gc (1x)
I170730 19:17:27.364542 27 server/status/runtime.go:225  [n1] runtime stats: 75 MiB RSS, 125 goroutines, 18 MiB/13 MiB/39 MiB GO alloc/idle/total, 17 MiB/29 MiB CGO alloc/total, 62.29cgo/sec, 0.01/0.00 %(u/s)time, 0.00 %gc (0x)
I170730 19:17:37.362745 27 server/status/runtime.go:225  [n1] runtime stats: 75 MiB RSS, 125 goroutines, 16 MiB/14 MiB/39 MiB GO alloc/idle/total, 17 MiB/29 MiB CGO alloc/total, 65.51cgo/sec, 0.01/0.00 %(u/s)time, 0.00 %gc (1x)
I170730 19:17:47.362657 27 server/status/runtime.go:225  [n1] runtime stats: 75 MiB RSS, 125 goroutines, 14 MiB/16 MiB/39 MiB GO alloc/idle/total, 17 MiB/29 MiB CGO alloc/total, 58.30cgo/sec, 0.01/0.00 %(u/s)time, 0.00 %gc (1x)
I170730 19:17:57.363907 27 server/status/runtime.go:225  [n1] runtime stats: 75 MiB RSS, 127 goroutines, 21 MiB/10 MiB/39 MiB GO alloc/idle/total, 17 MiB/29 MiB CGO alloc/total, 59.19cgo/sec, 0.01/0.00 %(u/s)time, 0.00 %gc (0x)
I170730 19:17:57.363960 26 gossip/gossip.go:448  [n1] gossip status (ok, 1 node)
gossip client (0/3 cur/max conns)
gossip server (0/3 cur/max conns, infos 0/0 sent/received, bytes 0B/0B sent/received)
I170730 19:18:07.366171 27 server/status/runtime.go:225  [n1] runtime stats: 75 MiB RSS, 125 goroutines, 18 MiB/13 MiB/39 MiB GO alloc/idle/total, 17 MiB/29 MiB CGO alloc/total, 64.69cgo/sec, 0.01/0.00 %(u/s)time, 0.00 %gc (1x)
I170730 19:18:17.363238 27 server/status/runtime.go:225  [n1] runtime stats: 76 MiB RSS, 125 goroutines, 16 MiB/15 MiB/39 MiB GO alloc/idle/total, 17 MiB/29 MiB CGO alloc/total, 62.32cgo/sec, 0.01/0.00 %(u/s)time, 0.00 %gc (1x)
I170730 19:18:27.364337 27 server/status/runtime.go:225  [n1] runtime stats: 76 MiB RSS, 125 goroutines, 14 MiB/17 MiB/39 MiB GO alloc/idle/total, 17 MiB/29 MiB CGO alloc/total, 62.29cgo/sec, 0.01/0.00 %(u/s)time, 0.00 %gc (1x)
I170730 19:18:37.364609 27 server/status/runtime.go:225  [n1] runtime stats: 76 MiB RSS, 125 goroutines, 20 MiB/11 MiB/39 MiB GO alloc/idle/total, 17 MiB/29 MiB CGO alloc/total, 58.30cgo/sec, 0.01/0.00 %(u/s)time, 0.00 %gc (0x)
I170730 19:18:47.362787 27 server/status/runtime.go:225  [n1] runtime stats: 76 MiB RSS, 125 goroutines, 17 MiB/14 MiB/39 MiB GO alloc/idle/total, 18 MiB/30 MiB CGO alloc/total, 59.21cgo/sec, 0.01/0.00 %(u/s)time, 0.00 %gc (1x)
I170730 19:18:57.363510 26 gossip/gossip.go:448  [n1] gossip status (ok, 1 node)
gossip client (0/3 cur/max conns)
gossip server (0/3 cur/max conns, infos 0/0 sent/received, bytes 0B/0B sent/received)
I170730 19:18:57.363553 27 server/status/runtime.go:225  [n1] runtime stats: 68 MiB RSS, 125 goroutines, 14 MiB/17 MiB/39 MiB GO alloc/idle/total, 18 MiB/30 MiB CGO alloc/total, 58.30cgo/sec, 0.01/0.00 %(u/s)time, 0.00 %gc (1x)
I170730 19:19:07.362579 27 server/status/runtime.go:225  [n1] runtime stats: 68 MiB RSS, 125 goroutines, 21 MiB/10 MiB/39 MiB GO alloc/idle/total, 18 MiB/30 MiB CGO alloc/total, 68.81cgo/sec, 0.01/0.00 %(u/s)time, 0.00 %gc (0x)
I170730 19:19:17.362636 27 server/status/runtime.go:225  [n1] runtime stats: 69 MiB RSS, 125 goroutines, 16 MiB/14 MiB/39 MiB GO alloc/idle/total, 18 MiB/30 MiB CGO alloc/total, 59.20cgo/sec, 0.01/0.00 %(u/s)time, 0.00 %gc (1x)
I170730 19:19:27.363910 27 server/status/runtime.go:225  [n1] runtime stats: 69 MiB RSS, 125 goroutines, 13 MiB/17 MiB/39 MiB GO alloc/idle/total, 18 MiB/30 MiB CGO alloc/total, 57.99cgo/sec, 0.01/0.00 %(u/s)time, 0.00 %gc (1x)
I170730 19:19:37.362539 27 server/status/runtime.go:225  [n1] runtime stats: 69 MiB RSS, 125 goroutines, 19 MiB/12 MiB/39 MiB GO alloc/idle/total, 18 MiB/30 MiB CGO alloc/total, 61.41cgo/sec, 0.01/0.00 %(u/s)time, 0.00 %gc (0x)
I170730 19:19:47.363316 27 server/status/runtime.go:225  [n1] runtime stats: 70 MiB RSS, 125 goroutines, 17 MiB/13 MiB/39 MiB GO alloc/idle/total, 18 MiB/30 MiB CGO alloc/total, 66.40cgo/sec, 0.01/0.00 %(u/s)time, 0.00 %gc (1x)
I170730 19:19:57.362546 26 gossip/gossip.go:448  [n1] gossip status (ok, 1 node)
gossip client (0/3 cur/max conns)
gossip server (0/3 cur/max conns, infos 0/0 sent/received, bytes 0B/0B sent/received)
I170730 19:19:57.363052 27 server/status/runtime.go:225  [n1] runtime stats: 70 MiB RSS, 127 goroutines, 16 MiB/15 MiB/39 MiB GO alloc/idle/total, 18 MiB/30 MiB CGO alloc/total, 62.10cgo/sec, 0.01/0.00 %(u/s)time, 0.00 %gc (1x)
I170730 19:20:07.362610 27 server/status/runtime.go:225  [n1] runtime stats: 70 MiB RSS, 125 goroutines, 21 MiB/9.9 MiB/39 MiB GO alloc/idle/total, 19 MiB/30 MiB CGO alloc/total, 60.60cgo/sec, 0.01/0.00 %(u/s)time, 0.00 %gc (0x)
I170730 19:20:17.362732 27 server/status/runtime.go:225  [n1] runtime stats: 69 MiB RSS, 125 goroutines, 17 MiB/13 MiB/39 MiB GO alloc/idle/total, 19 MiB/30 MiB CGO alloc/total, 62.30cgo/sec, 0.01/0.00 %(u/s)time, 0.00 %gc (1x)
I170730 19:20:27.364365 27 server/status/runtime.go:225  [n1] runtime stats: 69 MiB RSS, 125 goroutines, 13 MiB/17 MiB/39 MiB GO alloc/idle/total, 19 MiB/30 MiB CGO alloc/total, 58.29cgo/sec, 0.01/0.00 %(u/s)time, 0.00 %gc (1x)
I170730 19:20:37.363647 27 server/status/runtime.go:225  [n1] runtime stats: 69 MiB RSS, 125 goroutines, 20 MiB/6.0 MiB/34 MiB GO alloc/idle/total, 20 MiB/30 MiB CGO alloc/total, 65.50cgo/sec, 0.01/0.00 %(u/s)time, 0.00 %gc (0x)
I170730 19:20:47.364268 27 server/status/runtime.go:225  [n1] runtime stats: 69 MiB RSS, 125 goroutines, 18 MiB/7.2 MiB/34 MiB GO alloc/idle/total, 20 MiB/30 MiB CGO alloc/total, 97.09cgo/sec, 0.01/0.00 %(u/s)time, 0.00 %gc (1x)
I170730 19:20:57.366331 27 server/status/runtime.go:225  [n1] runtime stats: 69 MiB RSS, 127 goroutines, 15 MiB/11 MiB/34 MiB GO alloc/idle/total, 20 MiB/30 MiB CGO alloc/total, 57.99cgo/sec, 0.01/0.00 %(u/s)time, 0.00 %gc (1x)
I170730 19:20:57.366395 26 gossip/gossip.go:448  [n1] gossip status (ok, 1 node)
gossip client (0/3 cur/max conns)
gossip server (0/3 cur/max conns, infos 0/0 sent/received, bytes 0B/0B sent/received)
I170730 19:21:07.365321 27 server/status/runtime.go:225  [n1] runtime stats: 69 MiB RSS, 125 goroutines, 20 MiB/5.4 MiB/34 MiB GO alloc/idle/total, 20 MiB/30 MiB CGO alloc/total, 62.51cgo/sec, 0.01/0.00 %(u/s)time, 0.00 %gc (0x)
I170730 19:21:17.362687 27 server/status/runtime.go:225  [n1] runtime stats: 69 MiB RSS, 126 goroutines, 17 MiB/8.6 MiB/34 MiB GO alloc/idle/total, 20 MiB/30 MiB CGO alloc/total, 65.32cgo/sec, 0.01/0.00 %(u/s)time, 0.00 %gc (1x)
I170730 19:21:27.363879 27 server/status/runtime.go:225  [n1] runtime stats: 69 MiB RSS, 125 goroutines, 13 MiB/13 MiB/34 MiB GO alloc/idle/total, 21 MiB/31 MiB CGO alloc/total, 61.39cgo/sec, 0.01/0.00 %(u/s)time, 0.00 %gc (1x)
I170730 19:21:37.363492 27 server/status/runtime.go:225  [n1] runtime stats: 69 MiB RSS, 125 goroutines, 20 MiB/6.0 MiB/34 MiB GO alloc/idle/total, 21 MiB/31 MiB CGO alloc/total, 59.20cgo/sec, 0.01/0.00 %(u/s)time, 0.00 %gc (0x)
I170730 19:21:47.365204 27 server/status/runtime.go:225  [n1] runtime stats: 70 MiB RSS, 125 goroutines, 18 MiB/7.9 MiB/34 MiB GO alloc/idle/total, 21 MiB/32 MiB CGO alloc/total, 58.49cgo/sec, 0.01/0.00 %(u/s)time, 0.00 %gc (1x)
I170730 19:21:56.685214 5247 sql/mon/mem_usage.go:520  [n1] txn: memory usage increases to 18 KiB (+2128)
I170730 19:21:56.685262 5259 sql/mon/mem_usage.go:520  [n1] txn: memory usage increases to 18 KiB (+2128)
I170730 19:21:56.685382 5247 sql/mon/mem_usage.go:520  [n1] txn: memory usage increases to 32 KiB (+228)
I170730 19:21:56.685403 5259 sql/mon/mem_usage.go:520  [n1] txn: memory usage increases to 32 KiB (+228)
I170730 19:21:56.685659 5259 sql/mon/mem_usage.go:520  [n1] admin: memory usage increases to 130 KiB (+10240)
I170730 19:21:56.685705 5259 sql/mon/mem_usage.go:520  [n1] txn: memory usage increases to 64 KiB (+181)
I170730 19:21:56.685739 5247 sql/mon/mem_usage.go:520  [n1] txn: memory usage increases to 64 KiB (+181)
I170730 19:21:56.686283 5259 sql/mon/mem_usage.go:520  [n1] admin: memory usage increases to 260 KiB (+10240)
I170730 19:21:56.686299 5259 sql/mon/mem_usage.go:520  [n1] txn: memory usage increases to 136 KiB (+9576)
I170730 19:21:56.686453 5247 sql/mon/mem_usage.go:520  [n1] txn: memory usage increases to 136 KiB (+9576)
I170730 19:21:56.693821 5208 sql/mon/mem_usage.go:520  [n1] txn: memory usage increases to 18 KiB (+2128)
I170730 19:21:56.693975 5208 sql/mon/mem_usage.go:520  [n1] txn: memory usage increases to 32 KiB (+228)
I170730 19:21:56.694215 5208 sql/mon/mem_usage.go:520  [n1] admin: memory usage increases to 130 KiB (+10240)
I170730 19:21:56.694247 5208 sql/mon/mem_usage.go:520  [n1] txn: memory usage increases to 64 KiB (+181)
I170730 19:21:56.694911 5208 sql/mon/mem_usage.go:520  [n1] txn: memory usage increases to 136 KiB (+9576)
I170730 19:21:56.696247 5208 sql/mon/mem_usage.go:520  [n1] admin: memory usage increases to 260 KiB (+10240)
I170730 19:21:56.717155 5376 sql/mon/mem_usage.go:520  [n1] txn: memory usage increases to 18 KiB (+2128)
I170730 19:21:56.717309 5376 sql/mon/mem_usage.go:520  [n1] txn: memory usage increases to 32 KiB (+228)
I170730 19:21:56.717561 5376 sql/mon/mem_usage.go:520  [n1] txn: memory usage increases to 64 KiB (+181)
I170730 19:21:56.717686 5376 sql/mon/mem_usage.go:520  [n1] admin: memory usage increases to 130 KiB (+10240)
I170730 19:21:56.718104 5376 sql/mon/mem_usage.go:520  [n1] txn: memory usage increases to 136 KiB (+9576)
I170730 19:21:56.721218 5393 sql/mon/mem_usage.go:520  [n1] txn: memory usage increases to 18 KiB (+2128)
I170730 19:21:56.721366 5393 sql/mon/mem_usage.go:520  [n1] txn: memory usage increases to 32 KiB (+228)
I170730 19:21:56.721616 5393 sql/mon/mem_usage.go:520  [n1] txn: memory usage increases to 64 KiB (+181)
I170730 19:21:56.721676 5393 sql/mon/mem_usage.go:520  [n1] admin: memory usage increases to 130 KiB (+10240)
I170730 19:21:56.722138 5393 sql/mon/mem_usage.go:520  [n1] txn: memory usage increases to 136 KiB (+9576)
I170730 19:21:56.728610 5393 sql/mon/mem_usage.go:520  [n1] admin: memory usage increases to 260 KiB (+10240)
I170730 19:21:56.741556 5448 sql/mon/mem_usage.go:520  [n1] txn: memory usage increases to 18 KiB (+2128)
I170730 19:21:56.741738 5448 sql/mon/mem_usage.go:520  [n1] txn: memory usage increases to 32 KiB (+228)
I170730 19:21:56.741963 5448 sql/mon/mem_usage.go:520  [n1] admin: memory usage increases to 130 KiB (+10240)
I170730 19:21:56.742000 5448 sql/mon/mem_usage.go:520  [n1] txn: memory usage increases to 64 KiB (+181)
I170730 19:21:56.742559 5448 sql/mon/mem_usage.go:520  [n1] txn: memory usage increases to 136 KiB (+9576)
I170730 19:21:56.768842 5548 sql/mon/mem_usage.go:520  [n1] txn: memory usage increases to 18 KiB (+2128)
I170730 19:21:56.769004 5548 sql/mon/mem_usage.go:520  [n1] txn: memory usage increases to 32 KiB (+228)
I170730 19:21:56.769256 5548 sql/mon/mem_usage.go:520  [n1] txn: memory usage increases to 64 KiB (+181)
I170730 19:21:56.769703 5548 sql/mon/mem_usage.go:520  [n1] admin: memory usage increases to 130 KiB (+10240)
I170730 19:21:56.769846 5548 sql/mon/mem_usage.go:520  [n1] txn: memory usage increases to 136 KiB (+9576)
I170730 19:21:56.781475 5598 sql/mon/mem_usage.go:520  [n1] txn: memory usage increases to 18 KiB (+2128)
I170730 19:21:56.781621 5598 sql/mon/mem_usage.go:520  [n1] txn: memory usage increases to 32 KiB (+228)
I170730 19:21:56.781877 5598 sql/mon/mem_usage.go:520  [n1] txn: memory usage increases to 64 KiB (+181)
I170730 19:21:56.782099 5598 sql/mon/mem_usage.go:520  [n1] admin: memory usage increases to 130 KiB (+10240)
I170730 19:21:56.782470 5598 sql/mon/mem_usage.go:520  [n1] txn: memory usage increases to 136 KiB (+9576)
I170730 19:21:56.792506 5648 sql/mon/mem_usage.go:520  [n1] txn: memory usage increases to 18 KiB (+2128)
I170730 19:21:56.792758 5648 sql/mon/mem_usage.go:520  [n1] txn: memory usage increases to 32 KiB (+228)
I170730 19:21:56.793051 5648 sql/mon/mem_usage.go:520  [n1] txn: memory usage increases to 64 KiB (+181)
I170730 19:21:56.793259 5648 sql/mon/mem_usage.go:520  [n1] admin: memory usage increases to 130 KiB (+10240)
I170730 19:21:56.793587 5648 sql/mon/mem_usage.go:520  [n1] txn: memory usage increases to 136 KiB (+9576)
I170730 19:21:56.797800 5678 sql/mon/mem_usage.go:520  [n1] txn: memory usage increases to 18 KiB (+2128)
I170730 19:21:56.797950 5678 sql/mon/mem_usage.go:520  [n1] txn: memory usage increases to 32 KiB (+228)
I170730 19:21:56.798214 5678 sql/mon/mem_usage.go:520  [n1] txn: memory usage increases to 64 KiB (+181)
I170730 19:21:56.798272 5678 sql/mon/mem_usage.go:520  [n1] admin: memory usage increases to 130 KiB (+10240)
I170730 19:21:56.798751 5678 sql/mon/mem_usage.go:520  [n1] txn: memory usage increases to 136 KiB (+9576)
I170730 19:21:57.364400 27 server/status/runtime.go:225  [n1] runtime stats: 84 MiB RSS, 130 goroutines, 28 MiB/12 MiB/47 MiB GO alloc/idle/total, 20 MiB/33 MiB CGO alloc/total, 397.43cgo/sec, 0.10/0.01 %(u/s)time, 0.00 %gc (4x)
I170730 19:21:57.364421 26 gossip/gossip.go:448  [n1] gossip status (ok, 1 node)
gossip client (0/3 cur/max conns)
gossip server (0/3 cur/max conns, infos 0/0 sent/received, bytes 0B/0B sent/received)
I170730 19:22:07.363172 27 server/status/runtime.go:225  [n1] runtime stats: 84 MiB RSS, 130 goroutines, 19 MiB/18 MiB/47 MiB GO alloc/idle/total, 21 MiB/33 MiB CGO alloc/total, 66.11cgo/sec, 0.01/0.00 %(u/s)time, 0.00 %gc (1x)
I170730 19:22:11.234594 1 cli/start.go:446  received signal 'interrupt'
I170730 19:22:11.234929 1 cli/start.go:471  initiating graceful shutdown of server
I170730 19:22:11.237706 45 vendor/google.golang.org/grpc/transport/http2_server.go:323  transport: http2Server.HandleStreams failed to read frame: read tcp 127.0.0.1:26257->127.0.0.1:62427: use of closed network connection
I170730 19:22:11.238156 5849 storage/engine/rocksdb.go:447  closing rocksdb instance at "/Users/jangeja/upwork/NiharMehta/Application/V0/Database/cockroach-data"
I170730 19:22:11.242766 1 cli/start.go:503  server drained and shutdown completed
E170730 19:22:11.243093 1 cli/error.go:68  interrupted
Error: interrupted
