I170805 21:09:39.662856 1 util/log/clog.go:1011  [config] file created at: 2017/08/05 21:09:39
I170805 21:09:39.662856 1 util/log/clog.go:1011  [config] running on machine: macbookpro
I170805 21:09:39.662856 1 util/log/clog.go:1011  [config] binary: CockroachDB CCL v1.0.4 (darwin amd64, built 2017/07/27 21:13:34, go1.8.3)
I170805 21:09:39.662856 1 util/log/clog.go:1011  [config] arguments: [cockroach start --insecure --host=localhost]
I170805 21:09:39.662856 1 util/log/clog.go:1011  line format: [IWEF]yymmdd hh:mm:ss.uuuuuu goid file:line msg utf8=✓
W170805 21:09:39.662852 1 cli/start.go:587  RUNNING IN INSECURE MODE!

- Your cluster is open for any client that can access localhost.
- Any user, even root, can log in without providing a password.
- Any user, connecting as root, can read or write any data in your cluster.
- There is no network encryption nor authentication, and thus no confidentiality.

Check out how to secure your cluster: https://www.cockroachlabs.com/docs/secure-a-cluster.html
I170805 21:09:39.667006 1 cli/start.go:593  CockroachDB CCL v1.0.4 (darwin amd64, built 2017/07/27 21:13:34, go1.8.3)
I170805 21:09:39.772408 1 server/config.go:375  system total memory: 8.0 GiB
I170805 21:09:39.772573 1 server/config.go:377  server configuration:
max offset                   500ms
cache size                   2.0 GiB
SQL memory pool size         2.0 GiB
scan interval                10m0s
scan max idle time           200ms
consistency check interval   24h0m0s
metrics sample interval      10s
time until store dead        5m0s
send next timeout            500ms
event log enabled            true
linearizable                 false
I170805 21:09:39.772810 8 cli/start.go:340  starting cockroach node
E170805 21:09:39.784402 1 cli/error.go:68  unable to connect or connection lost.

Please check the address and credentials such as certificates (if attempting to
communicate with a secure cluster).

cockroach server exited with error: listen tcp 127.0.0.1:26257: bind: address already in use
Error: unable to connect or connection lost.

Please check the address and credentials such as certificates (if attempting to
communicate with a secure cluster).

cockroach server exited with error: listen tcp 127.0.0.1:26257: bind: address already in use
